04-09 18:24 Chef         INFO     Setup ZMQ
04-09 18:24 Chef         INFO     Make item request
04-09 18:24 Chef         INFO     Received None
04-09 18:24 Chef         INFO     Make item request
04-09 18:24 Chef         INFO     Received ('FRIES', (UUID('be7bd8f0-ab6f-4d95-ad58-c8b00e48c547'), 3))
04-09 18:24 Chef         INFO     Preparing 04-09 18:24 Chef         INFO     Make item request
04-09 18:24 Chef         INFO     Received ('DRINK', (UUID('69df7786-d615-4b40-b7e5-05734c53f1bb'), 3))
04-09 18:24 Chef         INFO     Preparing 3 DRINK for order No.69df7786-d615-4b40-b7e5-05734c53f1bb
04-09 18:24 Chef         INFO     Finished preparing 3 DRINK
04-09 18:24 Chef         INFO     Make item request
04-09 18:24 Chef         INFO     Received ('FRIES', (UUID('69df7786-d615-4b40-b7e5-05734c53f1bb'), 2))
04-09 18:24 Chef         INFO     Preparing 2 FRIES for order No.69df7786-d61504-09 18:24 Chef         INFO     Make item request
04-09 18:24 Chef         INFO     Received None
04-09 18:24 Chef         INFO     Make item request
04-09 18:24 Chef         INFO     Received None
04-09 18:24 Chef         INFO     Make item request
04-09 18:24 Chef         INFO     Received None
04-09 18:24 Chef         INFO     Make item request
04-09 18:24 Chef         INFO     Received None
04-09 18:25 Chef         INFO     Make item request
04-09 18:25 Chef         INFO     Received None
04-09 18:25 Chef         INFO     Make item request
04-09 18:25 Chef         INFO     Received None
04-09 18:25 Chef         INFO     Make item request
04-09 18:25 Chef         INFO     Received None
04-09 18:25 Chef         INFO     Make item request
04-09 18:25 Chef         INFO     Received None
04-09 18:25 Chef         INFO     Make item request
04-09 18:25 Chef         INFO     Received None
04-09 18:25 Chef         INFO     Make item request
04-09 18:25 Chef         INFO     Received None
04-09 18:25 Chef         INFO     Make item request
04-09 18:25 Chef         INFO     Received None
04-09 18:25 Chef         INFO     Make item request
04-09 18:25 Chef         INFO     Received None
04-09 18:25 Chef         INFO     Make item request
04-09 18:25 Chef         INFO     Received None
04-09 18:25 Chef         INFO     Make item request
04-09 18:25 Chef         INFO     Received None
04-09 18:25 Chef         INFO     Make item request
04-09 18:25 Chef         INFO     Received None
04-09 18:25 Chef         INFO     Make item request
04-09 18:25 Chef         INFO     Received None
04-09 18:26 Chef         INFO     Make item request
04-09 18:26 Chef         INFO     Received None
04-09 18:26 Chef         INFO     Make item request
04-09 18:26 Chef         INFO     Received None
04-09 18:26 Chef         INFO     Make item request
04-09 18:26 Chef         INFO     Received None
04-09 18:26 Chef         INFO     Make item request
04-09 18:26 Chef         INFO     Received None
04-09 18:26 Chef         INFO     Make item request
04-09 18:26 Chef         INFO     Received None
04-09 18:26 Chef         INFO     Make item request
04-09 18:26 Chef         INFO     Received None
04-09 18:26 Chef         INFO     Make item request
04-09 18:26 Chef         INFO     Received None
04-09 18:26 Chef         INFO     Make item request
04-09 18:26 Chef         INFO     Received None
04-09 18:26 Chef         INFO     Make item request
04-09 18:26 Chef         INFO     Received None
04-09 18:26 Chef         INFO     Make item request
04-09 18:26 Chef         INFO     Received None
04-09 18:26 Chef         INFO     Make item request
04-09 18:26 Chef         INFO     Received None
04-09 18:26 Chef         INFO     Make item request
04-09 18:26 Chef         INFO     Received None
04-09 18:27 Chef         INFO     Make item request
04-09 18:27 Chef         INFO     Received None
04-09 18:27 Chef         INFO     Make item request
04-09 18:27 Chef         INFO     Received None
04-09 18:27 Chef         INFO     Make item request
04-09 18:27 Chef         INFO     Received None
04-09 18:27 Chef         INFO     Make item request
04-09 18:27 Chef         INFO     Received None
04-09 18:27 Chef         INFO     Make item request
04-09 18:27 Chef         INFO     Received None
04-09 18:27 Chef         INFO     Make item request
04-09 18:27 Chef         INFO     Received None
04-09 18:27 Chef         INFO     Make item request
04-09 18:27 Chef         INFO     Received None
04-09 18:27 Chef         INFO     Make item request
04-09 18:27 Chef         INFO     Received None
04-09 18:27 Chef         INFO     Make item request
04-09 18:27 Chef         INFO     Received None
04-09 18:27 Chef         INFO     Make item request
04-09 18:27 Chef         INFO     Received None
04-09 18:27 Chef         INFO     Make item request
04-09 18:27 Chef         INFO     Received None
04-09 18:27 Chef         INFO     Make item request
04-09 18:27 Chef         INFO     Received None
04-09 18:28 Chef         INFO     Make item request
04-09 18:28 Chef         INFO     Received None
04-09 18:28 Chef         INFO     Make item request
04-09 18:28 Chef         INFO     Received None
04-09 18:28 Chef         INFO     Make item request
04-09 18:28 Chef         INFO     Received None
04-09 18:28 Chef         INFO     Make item request
04-09 18:28 Chef         INFO     Received None
04-09 18:28 Chef         INFO     Make item request
04-09 18:28 Chef         INFO     Received None
04-09 18:28 Chef         INFO     Make item request
04-09 18:28 Chef         INFO     Received None
04-09 18:28 Chef         INFO     Make item request
04-09 18:28 Chef         INFO     Received None
04-09 18:28 Chef         INFO     Make item request
04-09 18:28 Chef         INFO     Received None
04-09 18:28 Chef         INFO     Make item request
04-09 18:28 Chef         INFO     Received None
04-09 18:28 Chef         INFO     Make item request
04-09 18:28 Chef         INFO     Received None
04-09 18:28 Chef         INFO     Make item request
04-09 18:28 Chef         INFO     Received None
04-09 18:28 Chef         INFO     Make item request
04-09 18:28 Chef         INFO     Received None
04-09 18:29 Chef         INFO     Make item request
04-09 18:29 Chef         INFO     Received None
04-09 18:29 Chef         INFO     Make item request
04-09 18:29 Chef         INFO     Received None
04-09 18:29 Chef         INFO     Make item request
04-09 18:29 Chef         INFO     Received None
04-09 18:29 Chef         INFO     Make item request
04-09 18:29 Chef         INFO     Received None
04-09 18:29 Chef         INFO     Make item request
04-09 18:29 Chef         INFO     Received None
04-09 18:29 Chef         INFO     Make item request
04-09 18:29 Chef         INFO     Received None
04-09 18:29 Chef         INFO     Make item request
04-09 18:29 Chef         INFO     Received None
04-09 18:29 Chef         INFO     Make item request
04-09 18:29 Chef         INFO     Received None
04-09 18:29 Chef         INFO     Make item request
04-09 18:29 Chef         INFO     Received None
04-09 18:29 Chef         INFO     Make item request
04-09 18:29 Chef         INFO     Received None
04-09 18:29 Chef         INFO     Make item request
04-09 18:29 Chef         INFO     Received None
04-09 18:29 Chef         INFO     Make item request
04-09 18:29 Chef         INFO     Received None
04-09 18:30 Chef         INFO     Make item request
04-09 18:30 Chef         INFO     Received None
04-09 18:30 Chef         INFO     Make item request
04-09 18:30 Chef         INFO     Received None
04-09 18:30 Chef         INFO     Make item request
04-09 18:30 Chef         INFO     Received None
04-09 18:30 Chef         INFO     Make item request
04-09 18:30 Chef         INFO     Received None
04-09 18:30 Chef         INFO     Make item request
04-09 18:30 Chef         INFO     Received None
04-09 18:30 Chef         INFO     Make item request
04-09 18:30 Chef         INFO     Received None
04-09 18:30 Chef         INFO     Make item request
04-09 18:30 Chef         INFO     Received None
04-09 18:30 Chef         INFO     Make item request
04-09 18:30 Chef         INFO     Received None
04-09 18:30 Chef         INFO     Make item request
04-09 18:30 Chef         INFO     Received None
04-09 18:30 Chef         INFO     Make item request
04-09 18:30 Chef         INFO     Received None
04-09 18:30 Chef         INFO     Make item request
04-09 18:30 Chef         INFO     Received None
04-09 18:30 Chef         INFO     Make item request
04-09 18:30 Chef         INFO     Received None
04-09 18:31 Chef         INFO     Make item request
04-09 18:31 Chef         INFO     Received None
04-09 18:31 Chef         INFO     Make item request
04-09 18:31 Chef         INFO     Received None
04-09 18:31 Chef         INFO     Make item request
04-09 18:31 Chef         INFO     Received None
04-09 18:31 Chef         INFO     Make item request
04-09 18:31 Chef         INFO     Received None
04-09 18:31 Chef         INFO     Make item request
04-09 18:31 Chef         INFO     Received None
04-09 18:31 Chef         INFO     Make item request
04-09 18:31 Chef         INFO     Received None
04-09 18:31 Chef         INFO     Make item request
04-09 18:31 Chef         INFO     Received None
04-09 18:31 Chef         INFO     Make item request
04-09 18:31 Chef         INFO     Received None
04-09 18:31 Chef         INFO     Make item request
04-09 18:31 Chef         INFO     Received None
04-09 18:31 Chef         INFO     Make item request
04-09 18:31 Chef         INFO     Received None
04-09 18:31 Chef         INFO     Make item request
04-09 18:31 Chef         INFO     Received None
04-09 18:31 Chef         INFO     Make item request
04-09 18:31 Chef         INFO     Received None
04-09 18:32 Chef         INFO     Make item request
04-09 18:32 Chef         INFO     Received None
04-09 18:32 Chef         INFO     Make item request
04-09 18:32 Chef         INFO     Received None
04-09 18:32 Chef         INFO     Make item request
04-09 18:32 Chef         INFO     Received None
04-09 18:32 Chef         INFO     Make item request
04-09 18:32 Chef         INFO     Received None
04-09 18:32 Chef         INFO     Make item request
04-09 18:32 Chef         INFO     Received None
04-09 18:32 Chef         INFO     Make item request
04-09 18:32 Chef         INFO     Received None
04-09 18:32 Chef         INFO     Make item request
04-09 18:32 Chef         INFO     Received None
04-09 18:32 Chef         INFO     Make item request
04-09 18:32 Chef         INFO     Received None
04-09 18:32 Chef         INFO     Make item request
04-09 18:32 Chef         INFO     Received None
04-09 18:32 Chef         INFO     Make item request
04-09 18:32 Chef         INFO     Received None
04-09 18:32 Chef         INFO     Make item request
04-09 18:32 Chef         INFO     Received None
04-09 18:32 Chef         INFO     Make item request
04-09 18:32 Chef         INFO     Received None
04-09 18:33 Chef         INFO     Make item request
04-09 18:33 Chef         INFO     Received None
04-09 18:33 Chef         INFO     Make item request
04-09 18:33 Chef         INFO     Received None
04-09 18:33 Chef         INFO     Make item request
04-09 18:33 Chef         INFO     Received None
04-09 18:33 Chef         INFO     Make item request
04-09 18:33 Chef         INFO     Received None
04-09 18:33 Chef         INFO     Make item request
04-09 18:33 Chef         INFO     Received None
04-09 18:33 Chef         INFO     Make item request
04-09 18:33 Chef         INFO     Received None
04-09 18:33 Chef         INFO     Make item request
04-09 18:33 Chef         INFO     Received None
04-09 18:33 Chef         INFO     Make item request
04-09 18:33 Chef         INFO     Received None
04-09 18:33 Chef         INFO     Make item request
04-09 18:33 Chef         INFO     Received None
04-09 18:33 Chef         INFO     Make item request
04-09 18:33 Chef         INFO     Received None
04-09 18:33 Chef         INFO     Make item request
04-09 18:33 Chef         INFO     Received None
04-09 18:33 Chef         INFO     Make item request
04-09 18:33 Chef         INFO     Received None
04-09 18:34 Chef         INFO     Make item request
04-09 18:34 Chef         INFO     Received None
04-09 18:34 Chef         INFO     Make item request
04-09 18:34 Chef         INFO     Received None
04-09 18:34 Chef         INFO     Make item request
04-09 18:34 Chef         INFO     Received None
04-09 18:34 Chef         INFO     Make item request
04-09 18:34 Chef         INFO     Received None
04-09 18:34 Chef         INFO     Make item request
04-09 18:34 Chef         INFO     Received None
04-09 18:34 Chef         INFO     Make item request
04-09 18:34 Chef         INFO     Received None
04-09 18:34 Chef         INFO     Make item request
04-09 18:34 Chef         INFO     Received None
04-09 18:34 Chef         INFO     Make item request
04-09 18:34 Chef         INFO     Received None
04-09 18:34 Chef         INFO     Make item request
04-09 18:34 Chef         INFO     Received None
04-09 18:34 Chef         INFO     Make item request
04-09 18:34 Chef         INFO     Received None
04-09 18:34 Chef         INFO     Make item request
04-09 18:34 Chef         INFO     Received None
04-09 18:34 Chef         INFO     Make item request
04-09 18:34 Chef         INFO     Received None
04-09 18:35 Chef         INFO     Make item request
04-09 18:35 Chef         INFO     Received None
04-09 18:35 Chef         INFO     Make item request
04-09 18:35 Chef         INFO     Received None
04-09 18:35 Chef         INFO     Make item request
04-09 18:35 Chef         INFO     Received None
04-09 18:35 Chef         INFO     Make item request
04-09 18:35 Chef         INFO     Received None
04-09 18:35 Chef         INFO     Make item request
04-09 18:35 Chef         INFO     Received None
04-09 18:35 Chef         INFO     Make item request
04-09 18:35 Chef         INFO     Received None
04-09 18:35 Chef         INFO     Make item request
04-09 18:35 Chef         INFO     Received None
04-09 18:35 Chef         INFO     Make item request
04-09 18:35 Chef         INFO     Received None
04-09 18:35 Chef         INFO     Make item request
04-09 18:35 Chef         INFO     Received None
04-09 18:35 Chef         INFO     Make item request
04-09 18:35 Chef         INFO     Received None
04-09 18:35 Chef         INFO     Make item request
04-09 18:35 Chef         INFO     Received None
04-09 18:35 Chef         INFO     Make item request
04-09 18:35 Chef         INFO     Received None
04-09 18:36 Chef         INFO     Make item request
04-09 18:36 Chef         INFO     Received None
04-09 18:36 Chef         INFO     Make item request
04-09 18:36 Chef         INFO     Received None
04-09 18:36 Chef         INFO     Make item request
04-09 18:36 Chef         INFO     Received None
04-09 18:36 Chef         INFO     Make item request
04-09 18:36 Chef         INFO     Received None
04-09 18:36 Chef         INFO     Make item request
04-09 18:36 Chef         INFO     Received None
04-09 18:36 Chef         INFO     Make item request
04-09 18:36 Chef         INFO     Received None
04-09 18:36 Chef         INFO     Make item request
04-09 18:36 Chef         INFO     Received None
04-09 18:36 Chef         INFO     Make item request
04-09 18:36 Chef         INFO     Received None
04-09 18:36 Chef         INFO     Make item request
04-09 18:36 Chef         INFO     Received None
04-09 18:36 Chef         INFO     Make item request
04-09 18:36 Chef         INFO     Received None
04-09 18:36 Chef         INFO     Make item request
04-09 18:36 Chef         INFO     Received None
04-09 18:37 Chef         INFO     Make item request
04-09 18:37 Chef         INFO     Received None
04-09 18:37 Chef         INFO     Make item request
04-09 18:37 Chef         INFO     Received None
04-09 18:37 Chef         INFO     Make item request
04-09 18:37 Chef         INFO     Received None
04-09 18:37 Chef         INFO     Make item request
04-09 18:37 Chef         INFO     Received None
04-09 18:37 Chef         INFO     Make item request
04-09 18:37 Chef         INFO     Received None
04-09 18:37 Chef         INFO     Make item request
04-09 18:37 Chef         INFO     Received None
04-09 18:37 Chef         INFO     Make item request
04-09 18:37 Chef         INFO     Received None
04-09 18:37 Chef         INFO     Make item request
04-09 18:37 Chef         INFO     Received None
04-09 18:37 Chef         INFO     Make item request
04-09 18:37 Chef         INFO     Received None
04-09 18:37 Chef         INFO     Make item request
04-09 18:37 Chef         INFO     Received None
04-09 18:37 Chef         INFO     Make item request
04-09 18:37 Chef         INFO     Received None
04-09 18:37 Chef         INFO     Make item request
04-09 18:37 Chef         INFO     Received None
04-09 18:38 Chef         INFO     Make item request
04-09 18:38 Chef         INFO     Received None
04-09 18:38 Chef         INFO     Make item request
04-09 18:38 Chef         INFO     Received None
04-09 18:38 Chef         INFO     Make item request
04-09 18:38 Chef         INFO     Received None
04-09 18:38 Chef         INFO     Make item request
04-09 18:38 Chef         INFO     Received None
04-09 18:38 Chef         INFO     Make item request
04-09 18:38 Chef         INFO     Received None
04-09 18:38 Chef         INFO     Make item request
04-09 18:38 Chef         INFO     Received None
04-09 18:38 Chef         INFO     Make item request
04-09 18:38 Chef         INFO     Received None
04-09 18:38 Chef         INFO     Make item request
04-09 18:38 Chef         INFO     Received None
04-09 18:38 Chef         INFO     Make item request
04-09 18:38 Chef         INFO     Received None
04-09 18:38 Chef         INFO     Make item request
04-09 18:38 Chef         INFO     Received None
04-09 18:38 Chef         INFO     Make item request
04-09 18:38 Chef         INFO     Received None
04-09 18:38 Chef         INFO     Make item request
04-09 18:38 Chef         INFO     Received None
04-09 18:39 Chef         INFO     Make item request
04-09 18:39 Chef         INFO     Received None
04-09 18:39 Chef         INFO     Make item request
04-09 18:39 Chef         INFO     Received None
04-09 18:39 Chef         INFO     Make item request
04-09 18:39 Chef         INFO     Received None
04-09 18:39 Chef         INFO     Make item request
04-09 18:39 Chef         INFO     Received None
04-09 18:39 Chef         INFO     Make item request
04-09 18:39 Chef         INFO     Received None
04-09 18:39 Chef         INFO     Make item request
04-09 18:39 Chef         INFO     Received None
04-09 18:39 Chef         INFO     Make item request
04-09 18:39 Chef         INFO     Received None
04-09 18:39 Chef         INFO     Make item request
04-09 18:39 Chef         INFO     Received None
04-09 18:39 Chef         INFO     Make item request
04-09 18:39 Chef         INFO     Received None
04-09 18:39 Chef         INFO     Make item request
04-09 18:39 Chef         INFO     Received None
04-09 18:39 Chef         INFO     Make item request
04-09 18:39 Chef         INFO     Received None
04-09 18:39 Chef         INFO     Make item request
04-09 18:39 Chef         INFO     Received None
04-09 18:40 Chef         INFO     Make item request
04-09 18:40 Chef         INFO     Received None
04-09 18:40 Chef         INFO     Make item request
04-09 18:40 Chef         INFO     Received None
04-09 18:40 Chef         INFO     Make item request
04-09 18:40 Chef         INFO     Received None
04-09 18:40 Chef         INFO     Make item request
04-09 18:40 Chef         INFO     Received None
04-09 18:40 Chef         INFO     Make item request
04-09 18:40 Chef         INFO     Received None
04-09 18:40 Chef         INFO     Make item request
04-09 18:40 Chef         INFO     Received None
04-09 18:40 Chef         INFO     Make item request
04-09 18:40 Chef         INFO     Received None
04-09 18:40 Chef         INFO     Make item request
04-09 18:40 Chef         INFO     Received None
04-09 18:40 Chef         INFO     Make item request
04-09 18:40 Chef         INFO     Received None
04-09 18:40 Chef         INFO     Make item request
04-09 18:40 Chef         INFO     Received None
04-09 18:40 Chef         INFO     Make item request
04-09 18:40 Chef         INFO     Received None
04-09 18:40 Chef         INFO     Make item request
04-09 18:40 Chef         INFO     Received None
04-09 18:41 Chef         INFO     Make item request
04-09 18:41 Chef         INFO     Received None
04-09 18:41 Chef         INFO     Make item request
04-09 18:41 Chef         INFO     Received None
04-09 18:41 Chef         INFO     Make item request
04-09 18:41 Chef         INFO     Received None
04-09 18:41 Chef         INFO     Make item request
04-09 18:41 Chef         INFO     Received None
04-09 18:41 Chef         INFO     Make item request
04-09 18:41 Chef         INFO     Received None
04-09 18:41 Chef         INFO     Make item request
04-09 18:41 Chef         INFO     Received None
04-09 18:41 Chef         INFO     Make item request
04-09 18:41 Chef         INFO     Received None
04-09 18:41 Chef         INFO     Make item request
04-09 18:41 Chef         INFO     Received None
04-09 18:41 Chef         INFO     Make item request
04-09 18:41 Chef         INFO     Received None
04-09 18:41 Chef         INFO     Make item request
04-09 18:41 Chef         INFO     Received None
04-09 18:41 Chef         INFO     Make item request
04-09 18:41 Chef         INFO     Received None
04-09 18:41 Chef         INFO     Make item request
04-09 18:41 Chef         INFO     Received None
04-09 18:42 Chef         INFO     Make item request
04-09 18:42 Chef         INFO     Received None
04-09 18:42 Chef         INFO     Make item request
04-09 18:42 Chef         INFO     Received None
04-09 18:42 Chef         INFO     Make item request
04-09 18:42 Chef         INFO     Received None
04-09 18:42 Chef         INFO     Make item request
04-09 18:42 Chef         INFO     Received None
04-09 18:42 Chef         INFO     Make item request
04-09 18:42 Chef         INFO     Received None
04-09 18:42 Chef         INFO     Make item request
04-09 18:42 Chef         INFO     Received None
04-09 18:42 Chef         INFO     Make item request
04-09 18:42 Chef         INFO     Received None
04-09 18:42 Chef         INFO     Make item request
04-09 18:42 Chef         INFO     Received None
04-09 18:42 Chef         INFO     Make item request
04-09 18:42 Chef         INFO     Received None
04-09 18:42 Chef         INFO     Make item request
04-09 18:42 Chef         INFO     Received None
04-09 18:42 Chef         INFO     Make item request
04-09 18:42 Chef         INFO     Received None
04-09 18:42 Chef         INFO     Make item request
04-09 18:42 Chef         INFO     Received None
04-09 18:43 Chef         INFO     Make item request
04-09 18:43 Chef         INFO     Received None
04-09 18:43 Chef         INFO     Make item request
04-09 18:43 Chef         INFO     Received None
04-09 18:43 Chef         INFO     Make item request
04-09 18:43 Chef         INFO     Received None
04-09 18:43 Chef         INFO     Make item request
04-09 18:43 Chef         INFO     Received None
04-09 18:43 Chef         INFO     Make item request
04-09 18:43 Chef         INFO     Received None
04-09 18:43 Chef         INFO     Make item request
04-09 18:43 Chef         INFO     Received None
04-09 18:43 Chef         INFO     Make item request
04-09 18:43 Chef         INFO     Received None
04-09 18:43 Chef         INFO     Make item request
04-09 18:43 Chef         INFO     Received None
04-09 18:43 Chef         INFO     Make item request
04-09 18:43 Chef         INFO     Received None
04-09 18:43 Chef         INFO     Make item request
04-09 18:43 Chef         INFO     Received None
04-09 18:43 Chef         INFO     Make item request
04-09 18:43 Chef         INFO     Received None
04-09 18:43 Chef         INFO     Make item request
04-09 18:43 Chef         INFO     Received None
04-09 18:44 Chef         INFO     Make item request
04-09 18:44 Chef         INFO     Received None
04-09 18:44 Chef         INFO     Make item request
04-09 18:44 Chef         INFO     Received None
04-09 18:44 Chef         INFO     Make item request
04-09 18:44 Chef         INFO     Received None
04-09 18:44 Chef         INFO     Make item request
04-09 18:44 Chef         INFO     Received None
04-09 18:44 Chef         INFO     Make item request
04-09 18:44 Chef         INFO     Received None
04-09 18:44 Chef         INFO     Make item request
04-09 18:44 Chef         INFO     Received None
04-09 18:44 Chef         INFO     Make item request
04-09 18:44 Chef         INFO     Received None
04-09 18:44 Chef         INFO     Make item request
04-09 18:44 Chef         INFO     Received None
04-09 18:44 Chef         INFO     Make item request
04-09 18:44 Chef         INFO     Received None
04-09 18:44 Chef         INFO     Make item request
04-09 18:44 Chef         INFO     Received None
04-09 18:44 Chef         INFO     Make item request
04-09 18:44 Chef         INFO     Received None
04-09 18:44 Chef         INFO     Make item request
04-09 18:44 Chef         INFO     Received None
04-09 18:45 Chef         INFO     Make item request
04-09 18:45 Chef         INFO     Received None
04-09 18:45 Chef         INFO     Make item request
04-09 18:45 Chef         INFO     Received None
04-09 18:45 Chef         INFO     Make item request
04-09 18:45 Chef         INFO     Received None
04-09 18:45 Chef         INFO     Make item request
04-09 18:45 Chef         INFO     Received None
04-09 18:45 Chef         INFO     Make item request
04-09 18:45 Chef         INFO     Received None
04-09 18:45 Chef         INFO     Make item request
04-09 18:45 Chef         INFO     Received None
04-09 18:45 Chef         INFO     Make item request
04-09 18:45 Chef         INFO     Received None
04-09 18:45 Chef         INFO     Make item request
04-09 18:45 Chef         INFO     Received None
04-09 18:45 Chef         INFO     Make item request
04-09 18:45 Chef         INFO     Received None
04-09 18:45 Chef         INFO     Make item request
04-09 18:45 Chef         INFO     Received None
04-09 18:45 Chef         INFO     Make item request
04-09 18:45 Chef         INFO     Received None
04-09 18:45 Chef         INFO     Make item request
04-09 18:45 Chef         INFO     Received None
04-09 18:46 Chef         INFO     Make item request
04-09 18:46 Chef         INFO     Received None
04-09 18:46 Chef         INFO     Make item request
04-09 18:46 Chef         INFO     Received None
04-09 18:46 Chef         INFO     Make item request
04-09 18:46 Chef         INFO     Received None
04-09 18:46 Chef         INFO     Make item request
04-09 18:46 Chef         INFO     Received None
04-09 18:46 Chef         INFO     Make item request
04-09 18:46 Chef         INFO     Received None
04-09 18:46 Chef         INFO     Make item request
04-09 18:46 Chef         INFO     Received None
04-09 18:46 Chef         INFO     Make item request
04-09 18:46 Chef         INFO     Received None
04-09 18:46 Chef         INFO     Make item request
04-09 18:46 Chef         INFO     Received None
04-09 18:46 Chef         INFO     Make item request
04-09 18:46 Chef         INFO     Received None
04-09 18:46 Chef         INFO     Make item request
04-09 18:46 Chef         INFO     Received None
04-09 18:46 Chef         INFO     Make item request
04-09 18:46 Chef         INFO     Received None
04-09 18:46 Chef         INFO     Make item request
04-09 18:46 Chef         INFO     Received None
04-09 18:47 Chef         INFO     Make item request
04-09 18:47 Chef         INFO     Received None
04-09 18:47 Chef         INFO     Make item request
04-09 18:47 Chef         INFO     Received None
04-09 18:47 Chef         INFO     Make item request
04-09 18:47 Chef         INFO     Received None
04-09 18:47 Chef         INFO     Make item request
04-09 18:47 Chef         INFO     Received None
04-09 18:47 Chef         INFO     Make item request
04-09 18:47 Chef         INFO     Received None
04-09 18:47 Chef         INFO     Make item request
04-09 18:47 Chef         INFO     Received None
04-09 18:47 Chef         INFO     Make item request
04-09 18:47 Chef         INFO     Received None
04-09 18:47 Chef         INFO     Make item request
04-09 18:47 Chef         INFO     Received None
04-09 18:47 Chef         INFO     Make item request
04-09 18:47 Chef         INFO     Received None
04-09 18:47 Chef         INFO     Make item request
04-09 18:47 Chef         INFO     Received None
04-09 18:47 Chef         INFO     Make item request
04-09 18:47 Chef         INFO     Received None
04-09 18:47 Chef         INFO     Make item request
04-09 18:47 Chef         INFO     Received None
04-09 18:48 Chef         INFO     Make item request
04-09 18:48 Chef         INFO     Received None
04-09 18:48 Chef         INFO     Make item request
04-09 18:48 Chef         INFO     Received None
04-09 18:48 Chef         INFO     Make item request
04-09 18:48 Chef         INFO     Received None
04-09 18:48 Chef         INFO     Make item request
04-09 18:48 Chef         INFO     Received None
04-09 18:48 Chef         INFO     Make item request
04-09 18:48 Chef         INFO     Received None
04-09 18:48 Chef         INFO     Make item request
04-09 18:48 Chef         INFO     Received None
04-09 18:48 Chef         INFO     Make item request
04-09 18:48 Chef         INFO     Received None
04-09 18:48 Chef         INFO     Make item request
04-09 18:48 Chef         INFO     Received None
04-09 18:48 Chef         INFO     Make item request
04-09 18:48 Chef         INFO     Received None
04-09 18:48 Chef         INFO     Make item request
04-09 18:48 Chef         INFO     Received None
04-09 18:48 Chef         INFO     Make item request
04-09 18:48 Chef         INFO     Received None
04-09 18:48 Chef         INFO     Make item request
04-09 18:48 Chef         INFO     Received None
04-09 18:49 Chef         INFO     Make item request
04-09 18:49 Chef         INFO     Received None
04-09 18:49 Chef         INFO     Make item request
04-09 18:49 Chef         INFO     Received None
04-09 18:49 Chef         INFO     Make item request
04-09 18:49 Chef         INFO     Received None
04-09 18:49 Chef         INFO     Make item request
04-09 18:49 Chef         INFO     Received None
04-09 18:49 Chef         INFO     Make item request
04-09 18:49 Chef         INFO     Received None
04-09 18:49 Chef         INFO     Make item request
04-09 18:49 Chef         INFO     Received None
04-09 18:49 Chef         INFO     Make item request
04-09 18:49 Chef         INFO     Received None
04-09 18:49 Chef         INFO     Make item request
04-09 18:49 Chef         INFO     Received None
04-09 18:49 Chef         INFO     Make item request
04-09 18:49 Chef         INFO     Received None
04-09 18:49 Chef         INFO     Make item request
04-09 18:49 Chef         INFO     Received None
04-09 18:49 Chef         INFO     Make item request
04-09 18:49 Chef         INFO     Received None
04-09 18:49 Chef         INFO     Make item request
04-09 18:49 Chef         INFO     Received None
04-09 18:50 Chef         INFO     Make item request
04-09 18:50 Chef         INFO     Received None
04-09 18:50 Chef         INFO     Make item request
04-09 18:50 Chef         INFO     Received None
04-09 18:50 Chef         INFO     Make item request
04-09 18:50 Chef         INFO     Received None
04-09 18:50 Chef         INFO     Make item request
04-09 18:50 Chef         INFO     Received None
04-09 18:50 Chef         INFO     Make item request
04-09 18:50 Chef         INFO     Received None
04-09 18:50 Chef         INFO     Make item request
04-09 18:50 Chef         INFO     Received None
04-09 18:50 Chef         INFO     Make item request
04-09 18:50 Chef         INFO     Received None
04-09 18:50 Chef         INFO     Make item request
04-09 18:50 Chef         INFO     Received None
04-09 18:50 Chef         INFO     Make item request
04-09 18:50 Chef         INFO     Received None
04-09 18:50 Chef         INFO     Make item request
04-09 18:50 Chef         INFO     Received None
04-09 18:50 Chef         INFO     Make item request
04-09 18:50 Chef         INFO     Received None
04-09 18:50 Chef         INFO     Make item request
04-09 18:50 Chef         INFO     Received None
04-09 18:51 Chef         INFO     Make item request
04-09 18:51 Chef         INFO     Received None
04-09 18:51 Chef         INFO     Make item request
04-09 18:51 Chef         INFO     Received None
04-09 18:51 Chef         INFO     Make item request
04-09 18:51 Chef         INFO     Received None
04-09 18:51 Chef         INFO     Make item request
04-09 18:51 Chef         INFO     Received None
04-09 18:51 Chef         INFO     Make item request
04-09 18:51 Chef         INFO     Received None
04-09 18:51 Chef         INFO     Make item request
04-09 18:51 Chef         INFO     Received None
04-09 18:51 Chef         INFO     Make item request
04-09 18:51 Chef         INFO     Received None
04-09 18:51 Chef         INFO     Make item request
04-09 18:51 Chef         INFO     Received None
04-09 18:51 Chef         INFO     Make item request
04-09 18:51 Chef         INFO     Received None
04-09 18:51 Chef         INFO     Make item request
04-09 18:51 Chef         INFO     Received None
04-09 18:51 Chef         INFO     Make item request
04-09 18:51 Chef         INFO     Received None
04-09 18:51 Chef         INFO     Make item request
04-09 18:51 Chef         INFO     Received None
04-09 18:52 Chef         INFO     Make item request
04-09 18:52 Chef         INFO     Received None
04-09 18:52 Chef         INFO     Make item request
04-09 18:52 Chef         INFO     Received None
04-09 18:52 Chef         INFO     Make item request
04-09 18:52 Chef         INFO     Received None
04-09 18:52 Chef         INFO     Make item request
04-09 18:52 Chef         INFO     Received None
04-09 18:52 Chef         INFO     Make item request
04-09 18:52 Chef         INFO     Received None
04-09 18:52 Chef         INFO     Make item request
04-09 18:52 Chef         INFO     Received None
04-09 18:52 Chef         INFO     Make item request
04-09 18:52 Chef         INFO     Received None
04-09 18:52 Chef         INFO     Make item request
04-09 18:52 Chef         INFO     Received None
04-09 18:52 Chef         INFO     Make item request
04-09 18:52 Chef         INFO     Received None
04-09 18:52 Chef         INFO     Make item request
04-09 18:52 Chef         INFO     Received None
04-09 18:52 Chef         INFO     Make item request
04-09 18:52 Chef         INFO     Received None
04-09 18:52 Chef         INFO     Make item request
04-09 18:52 Chef         INFO     Received None
04-09 18:53 Chef         INFO     Make item request
04-09 18:53 Chef         INFO     Received None
04-09 18:53 Chef         INFO     Make item request
04-09 18:53 Chef         INFO     Received None
04-09 18:53 Chef         INFO     Make item request
04-09 18:53 Chef         INFO     Received None
04-09 18:53 Chef         INFO     Make item request
04-09 18:53 Chef         INFO     Received None
04-09 18:53 Chef         INFO     Make item request
04-09 18:53 Chef         INFO     Received None
04-09 18:53 Chef         INFO     Make item request
04-09 18:53 Chef         INFO     Received None
04-09 18:53 Chef         INFO     Make item request
04-09 18:53 Chef         INFO     Received None
04-09 18:54 Chef         INFO     Make item request
04-09 18:54 Chef         INFO     Received None
04-09 18:54 Chef         INFO     Make item request
04-09 18:54 Chef         INFO     Received None
04-09 18:54 Chef         INFO     Make item request
04-09 18:54 Chef         INFO     Received None
04-09 18:54 Chef         INFO     Make item request
04-09 18:54 Chef         INFO     Received None
04-09 18:54 Chef         INFO     Make item request
04-09 18:54 Chef         INFO     Received None
04-09 18:54 Chef         INFO     Make item request
04-09 18:54 Chef         INFO     Received None
04-09 18:54 Chef         INFO     Make item request
04-09 18:54 Chef         INFO     Received None
04-09 18:54 Chef         INFO     Make item request
04-09 18:54 Chef         INFO     Received None
04-09 18:54 Chef         INFO     Make item request
04-09 18:54 Chef         INFO     Received None
04-09 18:54 Chef         INFO     Make item request
04-09 18:54 Chef         INFO     Received None
04-09 18:54 Chef         INFO     Make item request
04-09 18:54 Chef         INFO     Received None
04-09 18:54 Chef         INFO     Make item request
04-09 18:54 Chef         INFO     Received None
04-09 18:55 Chef         INFO     Make item request
04-09 18:55 Chef         INFO     Received None
04-09 18:55 Chef         INFO     Make item request
04-09 18:55 Chef         INFO     Received None
04-09 18:55 Chef         INFO     Make item request
04-09 18:55 Chef         INFO     Received None
04-09 18:55 Chef         INFO     Make item request
04-09 18:55 Chef         INFO     Received None
04-09 18:55 Chef         INFO     Make item request
04-09 18:55 Chef         INFO     Received None
04-09 18:55 Chef         INFO     Make item request
04-09 18:55 Chef         INFO     Received None
04-09 18:55 Chef         INFO     Make item request
04-09 18:55 Chef         INFO     Received None
04-09 18:55 Chef         INFO     Make item request
04-09 18:55 Chef         INFO     Received None
04-09 18:55 Chef         INFO     Make item request
04-09 18:55 Chef         INFO     Received None
04-09 18:55 Chef         INFO     Make item request
04-09 18:55 Chef         INFO     Received None
04-09 18:55 Chef         INFO     Make item request
04-09 18:55 Chef         INFO     Received None
04-09 18:55 Chef         INFO     Make item request
04-09 18:55 Chef         INFO     Received None
04-09 18:56 Chef         INFO     Make item request
04-09 18:56 Chef         INFO     Received None
04-09 18:56 Chef         INFO     Make item request
04-09 18:56 Chef         INFO     Received None
04-09 18:56 Chef         INFO     Make item request
04-09 18:56 Chef         INFO     Received None
04-09 18:56 Chef         INFO     Make item request
04-09 18:56 Chef         INFO     Received None
04-09 18:56 Chef         INFO     Make item request
04-09 18:56 Chef         INFO     Received None
04-09 18:56 Chef         INFO     Make item request
04-09 18:56 Chef         INFO     Received None
04-09 18:56 Chef         INFO     Make item request
04-09 18:56 Chef         INFO     Received None
04-09 18:56 Chef         INFO     Make item request
04-09 18:56 Chef         INFO     Received None
04-09 18:56 Chef         INFO     Make item request
04-09 18:56 Chef         INFO     Received None
04-09 18:56 Chef         INFO     Make item request
04-09 18:56 Chef         INFO     Received None
04-09 18:56 Chef         INFO     Make item request
04-09 18:56 Chef         INFO     Received None
04-09 18:56 Chef         INFO     Make item request
04-09 18:56 Chef         INFO     Received None
04-09 18:57 Chef         INFO     Make item request
04-09 18:57 Chef         INFO     Received None
04-09 18:57 Chef         INFO     Make item request
04-09 18:57 Chef         INFO     Received None
04-09 18:57 Chef         INFO     Make item request
04-09 18:57 Chef         INFO     Received None
04-09 18:57 Chef         INFO     Make item request
04-09 18:57 Chef         INFO     Received None
04-09 18:57 Chef         INFO     Make item request
04-09 18:57 Chef         INFO     Received None
04-09 18:57 Chef         INFO     Make item request
04-09 18:57 Chef         INFO     Received None
04-09 18:57 Chef         INFO     Make item request
04-09 18:57 Chef         INFO     Received None
04-09 18:57 Chef         INFO     Make item request
04-09 18:57 Chef         INFO     Received None
04-09 18:57 Chef         INFO     Make item request
04-09 18:57 Chef         INFO     Received None
04-09 18:57 Chef         INFO     Make item request
04-09 18:57 Chef         INFO     Received None
04-09 18:57 Chef         INFO     Make item request
04-09 18:57 Chef         INFO     Received None
04-09 18:57 Chef         INFO     Make item request
04-09 18:57 Chef         INFO     Received None
04-09 18:58 Chef         INFO     Make item request
04-09 18:58 Chef         INFO     Received None
04-09 18:58 Chef         INFO     Make item request
04-09 18:58 Chef         INFO     Received None
04-09 18:58 Chef         INFO     Make item request
04-09 18:58 Chef         INFO     Received None
04-09 18:58 Chef         INFO     Make item request
04-09 18:58 Chef         INFO     Received None
04-09 18:58 Chef         INFO     Make item request
04-09 18:58 Chef         INFO     Received None
04-09 18:58 Chef         INFO     Make item request
04-09 18:58 Chef         INFO     Received None
04-09 18:58 Chef         INFO     Make item request
04-09 18:58 Chef         INFO     Received None
04-09 18:58 Chef         INFO     Make item request
04-09 18:58 Chef         INFO     Received None
04-09 18:58 Chef         INFO     Make item request
04-09 18:58 Chef         INFO     Received None
04-09 18:58 Chef         INFO     Make item request
04-09 18:58 Chef         INFO     Received None
04-09 18:58 Chef         INFO     Make item request
04-09 18:58 Chef         INFO     Received None
04-09 18:58 Chef         INFO     Make item request
04-09 18:58 Chef         INFO     Received None
04-09 18:59 Chef         INFO     Make item request
04-09 18:59 Chef         INFO     Received None
04-09 18:59 Chef         INFO     Make item request
04-09 18:59 Chef         INFO     Received None
04-09 18:59 Chef         INFO     Make item request
04-09 18:59 Chef         INFO     Received None
04-09 18:59 Chef         INFO     Make item request
04-09 18:59 Chef         INFO     Received None
04-09 18:59 Chef         INFO     Make item request
04-09 18:59 Chef         INFO     Received None
04-09 18:59 Chef         INFO     Make item request
04-09 18:59 Chef         INFO     Received None
04-09 18:59 Chef         INFO     Make item request
04-09 18:59 Chef         INFO     Received None
04-09 18:59 Chef         INFO     Make item request
04-09 18:59 Chef         INFO     Received None
04-09 18:59 Chef         INFO     Make item request
04-09 18:59 Chef         INFO     Received None
       INFO     Make item request
04-09 18:57 Chef         INFO     Received None
04-09 18:57 Chef         INFO     Make item request
04-09 18:57 Chef         INFO     Received None
04-09 18:57 Chef         INFO     Make item request
04-09 18:57 Chef         INFO     Received None
04-09 18:57 Chef         INFO     Make item request
04-09 18:57 Chef         INFO     Received None
04-09 18:57 Chef         INFO     Make item request
04-09 18:57 Chef         INFO     Received None
04-09 18:57 Chef         INFO     Make item request
04-09 18:57 Chef         INFO     Received None
04-09 18:57 Chef         INFO     Make item request
04-09 18:57 Chef         INFO     Received None
04-09 18:58 Chef         INFO     Make item request
04-09 18:58 Chef         INFO     Received None
04-09 18:58 Chef         INFO     Make item request
04-09 18:58 Chef         INFO     Received None
04-09 18:58 Chef         INFO     Make item request
04-09 18:58 Chef         INFO     Received None
04-09 18:58 Chef         INFO     Make item request
04-09 18:58 Chef         INFO     Received None
04-09 18:58 Chef         INFO     Make item request
04-09 18:58 Chef         INFO     Received None
04-09 18:58 Chef         INFO     Make item request
04-09 18:58 Chef         INFO     Received None
04-09 18:58 Chef         INFO     Make item request
04-09 18:58 Chef         INFO     Received None
04-09 18:58 Chef         INFO     Make item request
04-09 18:58 Chef         INFO     Received None
04-09 18:58 Chef         INFO     Make item request
04-09 18:58 Chef         INFO     Received None
04-09 18:58 Chef         INFO     Make item request
04-09 18:58 Chef         INFO     Received None
04-09 18:58 Chef         INFO     Make item request
04-09 18:58 Chef         INFO     Received None
04-09 18:58 Chef         INFO     Make item request
04-09 18:58 Chef         INFO     Received None
04-09 18:59 Chef         INFO     Make item request
04-09 18:59 Chef         INFO     Received None
04-09 18:59 Chef         INFO     Make item request
04-09 18:59 Chef         INFO     Received None
04-09 18:59 Chef         INFO     Make item request
04-09 18:59 Chef         INFO     Received None
04-09 18:59 Chef         INFO     Make item request
04-09 18:59 Chef         INFO     Received None
04-09 18:59 Chef         INFO     Make item request
04-09 18:59 Chef         INFO     Received None
04-09 18:59 Chef         INFO     Make item request
04-09 18:59 Chef         INFO     Received None
04-09 18:59 Chef         INFO     Make item request
04-09 18:59 Chef         INFO     Received None
04-09 18:59 Chef         INFO     Make item request
04-09 18:59 Chef         INFO     Received None
04-09 18:59 Chef         INFO     Make item request
04-09 18:59 Chef         INFO     Received None
