04-09 18:24 Clerk        INFO     Setup ZMQ
04-09 18:24 Clerk        INFO     Request Task
04-09 18:24 Clerk        INFO     Received None
04-09 18:24 Clerk        INFO     Request Task
04-09 18:24 Clerk        INFO     Received (UUID('69df7786-d615-4b40-b7e5-05734c53f1bb'), ['DRINK', 'FRIES', 'FRIES', 'DRINK', 'DRINK'])
04-09 18:24 Clerk        INFO     Task Ready
04-09 18:24 Clerk        INFO     Request Task
04-09 18:24 Clerk        INFO     Received None
04-09 18:24 Clerk        INFO     Request Task
04-09 18:24 Clerk        INFO     Received (UUID('fcd39edc-e38a-46e9-96b0-1ecb04b1023c'), ['DRINK', 'DRINK', 'HAMBURGUER', 'HAMBURGUER', 'FRIES'])
04-09 04-09 18:24 Clerk        INFO     Request Task
04-09 18:24 Clerk        INFO     Received None
04-09 18:24 Clerk        INFO     Request Task
04-09 18:24 Clerk        INFO     Received None
04-09 18:24 Clerk        INFO     Request Task
04-09 18:24 Clerk        INFO     Received None
04-09 18:24 Clerk        INFO     Request Task
04-09 18:24 Clerk        INFO     Received None
04-09 18:25 Clerk        INFO     Request Task
04-09 18:25 Clerk        INFO     Received None
04-09 18:25 Clerk        INFO     Request Task
04-09 18:25 Clerk        INFO     Received None
04-09 18:25 Clerk        INFO     Request Task
04-09 18:25 Clerk        INFO     Received None
04-09 18:25 Clerk        INFO     Request Task
04-09 18:25 Clerk        INFO     Received None
04-09 18:25 Clerk        INFO     Request Task
04-09 18:25 Clerk        INFO     Received None
04-09 18:25 Clerk        INFO     Request Task
04-09 18:25 Clerk        INFO     Received None
04-09 18:25 Clerk        INFO     Request Task
04-09 18:25 Clerk        INFO     Received None
04-09 18:25 Clerk        INFO     Request Task
04-09 18:25 Clerk        INFO     Received None
04-09 18:25 Clerk        INFO     Request Task
04-09 18:25 Clerk        INFO     Received None
04-09 18:25 Clerk        INFO     Request Task
04-09 18:25 Clerk        INFO     Received None
04-09 18:25 Clerk        INFO     Request Task
04-09 18:25 Clerk        INFO     Received None
04-09 18:25 Clerk        INFO     Request Task
04-09 18:25 Clerk        INFO     Received None
04-09 18:26 Clerk        INFO     Request Task
04-09 18:26 Clerk        INFO     Received None
04-09 18:26 Clerk        INFO     Request Task
04-09 18:26 Clerk        INFO     Received None
04-09 18:26 Clerk        INFO     Request Task
04-09 18:26 Clerk        INFO     Received None
04-09 18:26 Clerk        INFO     Request Task
04-09 18:26 Clerk        INFO     Received None
04-09 18:26 Clerk        INFO     Request Task
04-09 18:26 Clerk        INFO     Received None
04-09 18:26 Clerk        INFO     Request Task
04-09 18:26 Clerk        INFO     Received None
04-09 18:26 Clerk        INFO     Request Task
04-09 18:26 Clerk        INFO     Received None
04-09 18:26 Clerk        INFO     Request Task
04-09 18:26 Clerk        INFO     Received None
04-09 18:26 Clerk        INFO     Request Task
04-09 18:26 Clerk        INFO     Received None
04-09 18:26 Clerk        INFO     Request Task
04-09 18:26 Clerk        INFO     Received None
04-09 18:26 Clerk        INFO     Request Task
04-09 18:26 Clerk        INFO     Received None
04-09 18:26 Clerk        INFO     Request Task
04-09 18:26 Clerk        INFO     Received None
04-09 18:27 Clerk        INFO     Request Task
04-09 18:27 Clerk        INFO     Received None
04-09 18:27 Clerk        INFO     Request Task
04-09 18:27 Clerk        INFO     Received None
04-09 18:27 Clerk        INFO     Request Task
04-09 18:27 Clerk        INFO     Received None
04-09 18:27 Clerk        INFO     Request Task
04-09 18:27 Clerk        INFO     Received None
04-09 18:27 Clerk        INFO     Request Task
04-09 18:27 Clerk        INFO     Received None
04-09 18:27 Clerk        INFO     Request Task
04-09 18:27 Clerk        INFO     Received None
04-09 18:27 Clerk        INFO     Request Task
04-09 18:27 Clerk        INFO     Received None
04-09 18:27 Clerk        INFO     Request Task
04-09 18:27 Clerk        INFO     Received None
04-09 18:27 Clerk        INFO     Request Task
04-09 18:27 Clerk        INFO     Received None
04-09 18:27 Clerk        INFO     Request Task
04-09 18:27 Clerk        INFO     Received None
04-09 18:27 Clerk        INFO     Request Task
04-09 18:27 Clerk        INFO     Received None
04-09 18:27 Clerk        INFO     Request Task
04-09 18:27 Clerk        INFO     Received None
04-09 18:28 Clerk        INFO     Request Task
04-09 18:28 Clerk        INFO     Received None
04-09 18:28 Clerk        INFO     Request Task
04-09 18:28 Clerk        INFO     Received None
04-09 18:28 Clerk        INFO     Request Task
04-09 18:28 Clerk        INFO     Received None
04-09 18:28 Clerk        INFO     Request Task
04-09 18:28 Clerk        INFO     Received None
04-09 18:28 Clerk        INFO     Request Task
04-09 18:28 Clerk        INFO     Received None
04-09 18:28 Clerk        INFO     Request Task
04-09 18:28 Clerk        INFO     Received None
04-09 18:28 Clerk        INFO     Request Task
04-09 18:28 Clerk        INFO     Received None
04-09 18:28 Clerk        INFO     Request Task
04-09 18:28 Clerk        INFO     Received None
04-09 18:28 Clerk        INFO     Request Task
04-09 18:28 Clerk        INFO     Received None
04-09 18:28 Clerk        INFO     Request Task
04-09 18:28 Clerk        INFO     Received None
04-09 18:28 Clerk        INFO     Request Task
04-09 18:28 Clerk        INFO     Received None
04-09 18:28 Clerk        INFO     Request Task
04-09 18:28 Clerk        INFO     Received None
04-09 18:29 Clerk        INFO     Request Task
04-09 18:29 Clerk        INFO     Received None
04-09 18:29 Clerk        INFO     Request Task
04-09 18:29 Clerk        INFO     Received None
04-09 18:29 Clerk        INFO     Request Task
04-09 18:29 Clerk        INFO     Received None
04-09 18:29 Clerk        INFO     Request Task
04-09 18:29 Clerk        INFO     Received None
04-09 18:29 Clerk        INFO     Request Task
04-09 18:29 Clerk        INFO     Received None
04-09 18:29 Clerk        INFO     Request Task
04-09 18:29 Clerk        INFO     Received None
04-09 18:29 Clerk        INFO     Request Task
04-09 18:29 Clerk        INFO     Received None
04-09 18:29 Clerk        INFO     Request Task
04-09 18:29 Clerk        INFO     Received None
04-09 18:29 Clerk        INFO     Request Task
04-09 18:29 Clerk        INFO     Received None
04-09 18:29 Clerk        INFO     Request Task
04-09 18:29 Clerk        INFO     Received None
04-09 18:29 Clerk        INFO     Request Task
04-09 18:29 Clerk        INFO     Received None
04-09 18:29 Clerk        INFO     Request Task
04-09 18:29 Clerk        INFO     Received None
04-09 18:30 Clerk        INFO     Request Task
04-09 18:30 Clerk        INFO     Received None
04-09 18:30 Clerk        INFO     Request Task
04-09 18:30 Clerk        INFO     Received None
04-09 18:30 Clerk        INFO     Request Task
04-09 18:30 Clerk        INFO     Received None
04-09 18:30 Clerk        INFO     Request Task
04-09 18:30 Clerk        INFO     Received None
04-09 18:30 Clerk        INFO     Request Task
04-09 18:30 Clerk        INFO     Received None
04-09 18:30 Clerk        INFO     Request Task
04-09 18:30 Clerk        INFO     Received None
04-09 18:30 Clerk        INFO     Request Task
04-09 18:30 Clerk        INFO     Received None
04-09 18:30 Clerk        INFO     Request Task
04-09 18:30 Clerk        INFO     Received None
04-09 18:30 Clerk        INFO     Request Task
04-09 18:30 Clerk        INFO     Received None
04-09 18:30 Clerk        INFO     Request Task
04-09 18:30 Clerk        INFO     Received None
04-09 18:30 Clerk        INFO     Request Task
04-09 18:30 Clerk        INFO     Received None
04-09 18:30 Clerk        INFO     Request Task
04-09 18:30 Clerk        INFO     Received None
04-09 18:31 Clerk        INFO     Request Task
04-09 18:31 Clerk        INFO     Received None
04-09 18:31 Clerk        INFO     Request Task
04-09 18:31 Clerk        INFO     Received None
04-09 18:31 Clerk        INFO     Request Task
04-09 18:31 Clerk        INFO     Received None
04-09 18:31 Clerk        INFO     Request Task
04-09 18:31 Clerk        INFO     Received None
04-09 18:31 Clerk        INFO     Request Task
04-09 18:31 Clerk        INFO     Received None
04-09 18:31 Clerk        INFO     Request Task
04-09 18:31 Clerk        INFO     Received None
04-09 18:31 Clerk        INFO     Request Task
04-09 18:31 Clerk        INFO     Received None
04-09 18:31 Clerk        INFO     Request Task
04-09 18:31 Clerk        INFO     Received None
04-09 18:31 Clerk        INFO     Request Task
04-09 18:31 Clerk        INFO     Received None
04-09 18:31 Clerk        INFO     Request Task
04-09 18:31 Clerk        INFO     Received None
04-09 18:31 Clerk        INFO     Request Task
04-09 18:31 Clerk        INFO     Received None
04-09 18:31 Clerk        INFO     Request Task
04-09 18:31 Clerk        INFO     Received None
04-09 18:32 Clerk        INFO     Request Task
04-09 18:32 Clerk        INFO     Received None
04-09 18:32 Clerk        INFO     Request Task
04-09 18:32 Clerk        INFO     Received None
04-09 18:32 Clerk        INFO     Request Task
04-09 18:32 Clerk        INFO     Received None
04-09 18:32 Clerk        INFO     Request Task
04-09 18:32 Clerk        INFO     Received None
04-09 18:32 Clerk        INFO     Request Task
04-09 18:32 Clerk        INFO     Received None
04-09 18:32 Clerk        INFO     Request Task
04-09 18:32 Clerk        INFO     Received None
04-09 18:32 Clerk        INFO     Request Task
04-09 18:32 Clerk        INFO     Received None
04-09 18:32 Clerk        INFO     Request Task
04-09 18:32 Clerk        INFO     Received None
04-09 18:32 Clerk        INFO     Request Task
04-09 18:32 Clerk        INFO     Received None
04-09 18:32 Clerk        INFO     Request Task
04-09 18:32 Clerk        INFO     Received None
04-09 18:32 Clerk        INFO     Request Task
04-09 18:32 Clerk        INFO     Received None
04-09 18:33 Clerk        INFO     Request Task
04-09 18:33 Clerk        INFO     Received None
04-09 18:33 Clerk        INFO     Request Task
04-09 18:33 Clerk        INFO     Received None
04-09 18:33 Clerk        INFO     Request Task
04-09 18:33 Clerk        INFO     Received None
04-09 18:33 Clerk        INFO     Request Task
04-09 18:33 Clerk        INFO     Received None
04-09 18:33 Clerk        INFO     Request Task
04-09 18:33 Clerk        INFO     Received None
04-09 18:33 Clerk        INFO     Request Task
04-09 18:33 Clerk        INFO     Received None
04-09 18:33 Clerk        INFO     Request Task
04-09 18:33 Clerk        INFO     Received None
04-09 18:33 Clerk        INFO     Request Task
04-09 18:33 Clerk        INFO     Received None
04-09 18:33 Clerk        INFO     Request Task
04-09 18:33 Clerk        INFO     Received None
04-09 18:33 Clerk        INFO     Request Task
04-09 18:33 Clerk        INFO     Received None
04-09 18:33 Clerk        INFO     Request Task
04-09 18:33 Clerk        INFO     Received None
04-09 18:33 Clerk        INFO     Request Task
04-09 18:33 Clerk        INFO     Received None
04-09 18:34 Clerk        INFO     Request Task
04-09 18:34 Clerk        INFO     Received None
04-09 18:34 Clerk        INFO     Request Task
04-09 18:34 Clerk        INFO     Received None
04-09 18:34 Clerk        INFO     Request Task
04-09 18:34 Clerk        INFO     Received None
04-09 18:34 Clerk        INFO     Request Task
04-09 18:34 Clerk        INFO     Received None
04-09 18:34 Clerk        INFO     Request Task
04-09 18:34 Clerk        INFO     Received None
04-09 18:34 Clerk        INFO     Request Task
04-09 18:34 Clerk        INFO     Received None
04-09 18:34 Clerk        INFO     Request Task
04-09 18:34 Clerk        INFO     Received None
04-09 18:34 Clerk        INFO     Request Task
04-09 18:34 Clerk        INFO     Received None
04-09 18:34 Clerk        INFO     Request Task
04-09 18:34 Clerk        INFO     Received None
04-09 18:34 Clerk        INFO     Request Task
04-09 18:34 Clerk        INFO     Received None
04-09 18:34 Clerk        INFO     Request Task
04-09 18:34 Clerk        INFO     Received None
04-09 18:34 Clerk        INFO     Request Task
04-09 18:34 Clerk        INFO     Received None
04-09 18:35 Clerk        INFO     Request Task
04-09 18:35 Clerk        INFO     Received None
04-09 18:35 Clerk        INFO     Request Task
04-09 18:35 Clerk        INFO     Received None
04-09 18:35 Clerk        INFO     Request Task
04-09 18:35 Clerk        INFO     Received None
04-09 18:35 Clerk        INFO     Request Task
04-09 18:35 Clerk        INFO     Received None
04-09 18:35 Clerk        INFO     Request Task
04-09 18:35 Clerk        INFO     Received None
04-09 18:35 Clerk        INFO     Request Task
04-09 18:35 Clerk        INFO     Received None
04-09 18:35 Clerk        INFO     Request Task
04-09 18:35 Clerk        INFO     Received None
04-09 18:35 Clerk        INFO     Request Task
04-09 18:35 Clerk        INFO     Received None
04-09 18:35 Clerk        INFO     Request Task
04-09 18:35 Clerk        INFO     Received None
04-09 18:35 Clerk        INFO     Request Task
04-09 18:35 Clerk        INFO     Received None
04-09 18:35 Clerk        INFO     Request Task
04-09 18:35 Clerk        INFO     Received None
04-09 18:35 Clerk        INFO     Request Task
04-09 18:35 Clerk        INFO     Received None
04-09 18:36 Clerk        INFO     Request Task
04-09 18:36 Clerk        INFO     Received None
04-09 18:36 Clerk        INFO     Request Task
04-09 18:36 Clerk        INFO     Received None
04-09 18:36 Clerk        INFO     Request Task
04-09 18:36 Clerk        INFO     Received None
04-09 18:36 Clerk        INFO     Request Task
04-09 18:36 Clerk        INFO     Received None
04-09 18:36 Clerk        INFO     Request Task
04-09 18:36 Clerk        INFO     Received None
04-09 18:36 Clerk        INFO     Request Task
04-09 18:36 Clerk        INFO     Received None
04-09 18:36 Clerk        INFO     Request Task
04-09 18:36 Clerk        INFO     Received None
04-09 18:36 Clerk        INFO     Request Task
04-09 18:36 Clerk        INFO     Received None
04-09 18:36 Clerk        INFO     Request Task
04-09 18:36 Clerk        INFO     Received None
04-09 18:36 Clerk        INFO     Request Task
04-09 18:36 Clerk        INFO     Received None
04-09 18:36 Clerk        INFO     Request Task
04-09 18:36 Clerk        INFO     Received None
04-09 18:36 Clerk        INFO     Request Task
04-09 18:36 Clerk        INFO     Received None
04-09 18:37 Clerk        INFO     Request Task
04-09 18:37 Clerk        INFO     Received None
04-09 18:37 Clerk        INFO     Request Task
04-09 18:37 Clerk        INFO     Received None
04-09 18:37 Clerk        INFO     Request Task
04-09 18:37 Clerk        INFO     Received None
04-09 18:37 Clerk        INFO     Request Task
04-09 18:37 Clerk        INFO     Received None
04-09 18:37 Clerk        INFO     Request Task
04-09 18:37 Clerk        INFO     Received None
04-09 18:37 Clerk        INFO     Request Task
04-09 18:37 Clerk        INFO     Received None
04-09 18:37 Clerk        INFO     Request Task
04-09 18:37 Clerk        INFO     Received None
04-09 18:37 Clerk        INFO     Request Task
04-09 18:37 Clerk        INFO     Received None
04-09 18:37 Clerk        INFO     Request Task
04-09 18:37 Clerk        INFO     Received None
04-09 18:37 Clerk        INFO     Request Task
04-09 18:37 Clerk        INFO     Received None
04-09 18:37 Clerk        INFO     Request Task
04-09 18:37 Clerk        INFO     Received None
04-09 18:37 Clerk        INFO     Request Task
04-09 18:37 Clerk        INFO     Received None
04-09 18:38 Clerk        INFO     Request Task
04-09 18:38 Clerk        INFO     Received None
04-09 18:38 Clerk        INFO     Request Task
04-09 18:38 Clerk        INFO     Received None
04-09 18:38 Clerk        INFO     Request Task
04-09 18:38 Clerk        INFO     Received None
04-09 18:38 Clerk        INFO     Request Task
04-09 18:38 Clerk        INFO     Received None
04-09 18:38 Clerk        INFO     Request Task
04-09 18:38 Clerk        INFO     Received None
04-09 18:38 Clerk        INFO     Request Task
04-09 18:38 Clerk        INFO     Received None
04-09 18:38 Clerk        INFO     Request Task
04-09 18:38 Clerk        INFO     Received None
04-09 18:38 Clerk        INFO     Request Task
04-09 18:38 Clerk        INFO     Received None
04-09 18:38 Clerk        INFO     Request Task
04-09 18:38 Clerk        INFO     Received None
04-09 18:38 Clerk        INFO     Request Task
04-09 18:38 Clerk        INFO     Received None
04-09 18:38 Clerk        INFO     Request Task
04-09 18:38 Clerk        INFO     Received None
04-09 18:38 Clerk        INFO     Request Task
04-09 18:38 Clerk        INFO     Received None
04-09 18:39 Clerk        INFO     Request Task
04-09 18:39 Clerk        INFO     Received None
04-09 18:39 Clerk        INFO     Request Task
04-09 18:39 Clerk        INFO     Received None
04-09 18:39 Clerk        INFO     Request Task
04-09 18:39 Clerk        INFO     Received None
04-09 18:39 Clerk        INFO     Request Task
04-09 18:39 Clerk        INFO     Received None
04-09 18:39 Clerk        INFO     Request Task
04-09 18:39 Clerk        INFO     Received None
04-09 18:39 Clerk        INFO     Request Task
04-09 18:39 Clerk        INFO     Received None
04-09 18:39 Clerk        INFO     Request Task
04-09 18:39 Clerk        INFO     Received None
04-09 18:39 Clerk        INFO     Request Task
04-09 18:39 Clerk        INFO     Received None
04-09 18:39 Clerk        INFO     Request Task
04-09 18:39 Clerk        INFO     Received None
04-09 18:39 Clerk        INFO     Request Task
04-09 18:39 Clerk        INFO     Received None
04-09 18:39 Clerk        INFO     Request Task
04-09 18:39 Clerk        INFO     Received None
04-09 18:39 Clerk        INFO     Request Task
04-09 18:39 Clerk        INFO     Received None
04-09 18:40 Clerk        INFO     Request Task
04-09 18:40 Clerk        INFO     Received None
04-09 18:40 Clerk        INFO     Request Task
04-09 18:40 Clerk        INFO     Received None
04-09 18:40 Clerk        INFO     Request Task
04-09 18:40 Clerk        INFO     Received None
04-09 18:40 Clerk        INFO     Request Task
04-09 18:40 Clerk        INFO     Received None
04-09 18:40 Clerk        INFO     Request Task
04-09 18:40 Clerk        INFO     Received None
04-09 18:40 Clerk        INFO     Request Task
04-09 18:40 Clerk        INFO     Received None
04-09 18:40 Clerk        INFO     Request Task
04-09 18:40 Clerk        INFO     Received None
04-09 18:40 Clerk        INFO     Request Task
04-09 18:40 Clerk        INFO     Received None
04-09 18:40 Clerk        INFO     Request Task
04-09 18:40 Clerk        INFO     Received None
04-09 18:40 Clerk        INFO     Request Task
04-09 18:40 Clerk        INFO     Received None
04-09 18:40 Clerk        INFO     Request Task
04-09 18:40 Clerk        INFO     Received None
04-09 18:40 Clerk        INFO     Request Task
04-09 18:40 Clerk        INFO     Received None
04-09 18:41 Clerk        INFO     Request Task
04-09 18:41 Clerk        INFO     Received None
04-09 18:41 Clerk        INFO     Request Task
04-09 18:41 Clerk        INFO     Received None
04-09 18:41 Clerk        INFO     Request Task
04-09 18:41 Clerk        INFO     Received None
04-09 18:41 Clerk        INFO     Request Task
04-09 18:41 Clerk        INFO     Received None
04-09 18:41 Clerk        INFO     Request Task
04-09 18:41 Clerk        INFO     Received None
04-09 18:41 Clerk        INFO     Request Task
04-09 18:41 Clerk        INFO     Received None
04-09 18:41 Clerk        INFO     Request Task
04-09 18:41 Clerk        INFO     Received None
04-09 18:41 Clerk        INFO     Request Task
04-09 18:41 Clerk        INFO     Received None
04-09 18:41 Clerk        INFO     Request Task
04-09 18:41 Clerk        INFO     Received None
04-09 18:41 Clerk        INFO     Request Task
04-09 18:41 Clerk        INFO     Received None
04-09 18:41 Clerk        INFO     Request Task
04-09 18:41 Clerk        INFO     Received None
04-09 18:41 Clerk        INFO     Request Task
04-09 18:41 Clerk        INFO     Received None
04-09 18:42 Clerk        INFO     Request Task
04-09 18:42 Clerk        INFO     Received None
04-09 18:42 Clerk        INFO     Request Task
04-09 18:42 Clerk        INFO     Received None
04-09 18:42 Clerk        INFO     Request Task
04-09 18:42 Clerk        INFO     Received None
04-09 18:42 Clerk        INFO     Request Task
04-09 18:42 Clerk        INFO     Received None
04-09 18:42 Clerk        INFO     Request Task
04-09 18:42 Clerk        INFO     Received None
04-09 18:42 Clerk        INFO     Request Task
04-09 18:42 Clerk        INFO     Received None
04-09 18:42 Clerk        INFO     Request Task
04-09 18:42 Clerk        INFO     Received None
04-09 18:42 Clerk        INFO     Request Task
04-09 18:42 Clerk        INFO     Received None
04-09 18:42 Clerk        INFO     Request Task
04-09 18:42 Clerk        INFO     Received None
04-09 18:42 Clerk        INFO     Request Task
04-09 18:42 Clerk        INFO     Received None
04-09 18:42 Clerk        INFO     Request Task
04-09 18:42 Clerk        INFO     Received None
04-09 18:42 Clerk        INFO     Request Task
04-09 18:42 Clerk        INFO     Received None
04-09 18:43 Clerk        INFO     Request Task
04-09 18:43 Clerk        INFO     Received None
04-09 18:43 Clerk        INFO     Request Task
04-09 18:43 Clerk        INFO     Received None
04-09 18:43 Clerk        INFO     Request Task
04-09 18:43 Clerk        INFO     Received None
04-09 18:43 Clerk        INFO     Request Task
04-09 18:43 Clerk        INFO     Received None
04-09 18:43 Clerk        INFO     Request Task
04-09 18:43 Clerk        INFO     Received None
04-09 18:43 Clerk        INFO     Request Task
04-09 18:43 Clerk        INFO     Received None
04-09 18:43 Clerk        INFO     Request Task
04-09 18:43 Clerk        INFO     Received None
04-09 18:43 Clerk        INFO     Request Task
04-09 18:43 Clerk        INFO     Received None
04-09 18:43 Clerk        INFO     Request Task
04-09 18:43 Clerk        INFO     Received None
04-09 18:43 Clerk        INFO     Request Task
04-09 18:43 Clerk        INFO     Received None
04-09 18:43 Clerk        INFO     Request Task
04-09 18:43 Clerk        INFO     Received None
04-09 18:43 Clerk        INFO     Request Task
04-09 18:43 Clerk        INFO     Received None
04-09 18:44 Clerk        INFO     Request Task
04-09 18:44 Clerk        INFO     Received None
04-09 18:44 Clerk        INFO     Request Task
04-09 18:44 Clerk        INFO     Received None
04-09 18:44 Clerk        INFO     Request Task
04-09 18:44 Clerk        INFO     Received None
04-09 18:44 Clerk        INFO     Request Task
04-09 18:44 Clerk        INFO     Received None
04-09 18:44 Clerk        INFO     Request Task
04-09 18:44 Clerk        INFO     Received None
04-09 18:44 Clerk        INFO     Request Task
04-09 18:44 Clerk        INFO     Received None
04-09 18:44 Clerk        INFO     Request Task
04-09 18:44 Clerk        INFO     Received None
04-09 18:44 Clerk        INFO     Request Task
04-09 18:44 Clerk        INFO     Received None
04-09 18:44 Clerk        INFO     Request Task
04-09 18:44 Clerk        INFO     Received None
04-09 18:44 Clerk        INFO     Request Task
04-09 18:44 Clerk        INFO     Received None
04-09 18:44 Clerk        INFO     Request Task
04-09 18:44 Clerk        INFO     Received None
04-09 18:44 Clerk        INFO     Request Task
04-09 18:44 Clerk        INFO     Received None
04-09 18:45 Clerk        INFO     Request Task
04-09 18:45 Clerk        INFO     Received None
04-09 18:45 Clerk        INFO     Request Task
04-09 18:45 Clerk        INFO     Received None
04-09 18:45 Clerk        INFO     Request Task
04-09 18:45 Clerk        INFO     Received None
04-09 18:45 Clerk        INFO     Request Task
04-09 18:45 Clerk        INFO     Received None
04-09 18:45 Clerk        INFO     Request Task
04-09 18:45 Clerk        INFO     Received None
04-09 18:45 Clerk        INFO     Request Task
04-09 18:45 Clerk        INFO     Received None
04-09 18:45 Clerk        INFO     Request Task
04-09 18:45 Clerk        INFO     Received None
04-09 18:45 Clerk        INFO     Request Task
04-09 18:45 Clerk        INFO     Received None
04-09 18:45 Clerk        INFO     Request Task
04-09 18:45 Clerk        INFO     Received None
04-09 18:45 Clerk        INFO     Request Task
04-09 18:45 Clerk        INFO     Received None
04-09 18:45 Clerk        INFO     Request Task
04-09 18:45 Clerk        INFO     Received None
04-09 18:45 Clerk        INFO     Request Task
04-09 18:45 Clerk        INFO     Received None
04-09 18:46 Clerk        INFO     Request Task
04-09 18:46 Clerk        INFO     Received None
04-09 18:46 Clerk        INFO     Request Task
04-09 18:46 Clerk        INFO     Received None
04-09 18:46 Clerk        INFO     Request Task
04-09 18:46 Clerk        INFO     Received None
04-09 18:46 Clerk        INFO     Request Task
04-09 18:46 Clerk        INFO     Received None
04-09 18:46 Clerk        INFO     Request Task
04-09 18:46 Clerk        INFO     Received None
04-09 18:46 Clerk        INFO     Request Task
04-09 18:46 Clerk        INFO     Received None
04-09 18:46 Clerk        INFO     Request Task
04-09 18:46 Clerk        INFO     Received None
04-09 18:46 Clerk        INFO     Request Task
04-09 18:46 Clerk        INFO     Received None
04-09 18:46 Clerk        INFO     Request Task
04-09 18:46 Clerk        INFO     Received None
04-09 18:46 Clerk        INFO     Request Task
04-09 18:46 Clerk        INFO     Received None
04-09 18:46 Clerk        INFO     Request Task
04-09 18:46 Clerk        INFO     Received None
04-09 18:46 Clerk        INFO     Request Task
04-09 18:46 Clerk        INFO     Received None
04-09 18:47 Clerk        INFO     Request Task
04-09 18:47 Clerk        INFO     Received None
04-09 18:47 Clerk        INFO     Request Task
04-09 18:47 Clerk        INFO     Received None
04-09 18:47 Clerk        INFO     Request Task
04-09 18:47 Clerk        INFO     Received None
04-09 18:47 Clerk        INFO     Request Task
04-09 18:47 Clerk        INFO     Received None
04-09 18:47 Clerk        INFO     Request Task
04-09 18:47 Clerk        INFO     Received None
04-09 18:47 Clerk        INFO     Request Task
04-09 18:47 Clerk        INFO     Received None
04-09 18:47 Clerk        INFO     Request Task
04-09 18:47 Clerk        INFO     Received None
04-09 18:47 Clerk        INFO     Request Task
04-09 18:47 Clerk        INFO     Received None
04-09 18:47 Clerk        INFO     Request Task
04-09 18:47 Clerk        INFO     Received None
04-09 18:47 Clerk        INFO     Request Task
04-09 18:47 Clerk        INFO     Received None
04-09 18:47 Clerk        INFO     Request Task
04-09 18:47 Clerk        INFO     Received None
04-09 18:47 Clerk        INFO     Request Task
04-09 18:47 Clerk        INFO     Received None
04-09 18:48 Clerk        INFO     Request Task
04-09 18:48 Clerk        INFO     Received None
04-09 18:48 Clerk        INFO     Request Task
04-09 18:48 Clerk        INFO     Received None
04-09 18:48 Clerk        INFO     Request Task
04-09 18:48 Clerk        INFO     Received None
04-09 18:48 Clerk        INFO     Request Task
04-09 18:48 Clerk        INFO     Received None
04-09 18:48 Clerk        INFO     Request Task
04-09 18:48 Clerk        INFO     Received None
04-09 18:48 Clerk        INFO     Request Task
04-09 18:48 Clerk        INFO     Received None
04-09 18:48 Clerk        INFO     Request Task
04-09 18:48 Clerk        INFO     Received None
04-09 18:48 Clerk        INFO     Request Task
04-09 18:48 Clerk        INFO     Received None
04-09 18:48 Clerk        INFO     Request Task
04-09 18:48 Clerk        INFO     Received None
04-09 18:48 Clerk        INFO     Request Task
04-09 18:48 Clerk        INFO     Received None
04-09 18:48 Clerk        INFO     Request Task
04-09 18:48 Clerk        INFO     Received None
04-09 18:48 Clerk        INFO     Request Task
04-09 18:48 Clerk        INFO     Received None
04-09 18:49 Clerk        INFO     Request Task
04-09 18:49 Clerk        INFO     Received None
04-09 18:49 Clerk        INFO     Request Task
04-09 18:49 Clerk        INFO     Received None
04-09 18:49 Clerk        INFO     Request Task
04-09 18:49 Clerk        INFO     Received None
04-09 18:49 Clerk        INFO     Request Task
04-09 18:49 Clerk        INFO     Received None
04-09 18:49 Clerk        INFO     Request Task
04-09 18:49 Clerk        INFO     Received None
04-09 18:49 Clerk        INFO     Request Task
04-09 18:49 Clerk        INFO     Received None
04-09 18:49 Clerk        INFO     Request Task
04-09 18:49 Clerk        INFO     Received None
04-09 18:49 Clerk        INFO     Request Task
04-09 18:49 Clerk        INFO     Received None
04-09 18:49 Clerk        INFO     Request Task
04-09 18:49 Clerk        INFO     Received None
04-09 18:49 Clerk        INFO     Request Task
04-09 18:49 Clerk        INFO     Received None
04-09 18:49 Clerk        INFO     Request Task
04-09 18:49 Clerk        INFO     Received None
04-09 18:49 Clerk        INFO     Request Task
04-09 18:49 Clerk        INFO     Received None
04-09 18:50 Clerk        INFO     Request Task
04-09 18:50 Clerk        INFO     Received None
04-09 18:50 Clerk        INFO     Request Task
04-09 18:50 Clerk        INFO     Received None
04-09 18:50 Clerk        INFO     Request Task
04-09 18:50 Clerk        INFO     Received None
04-09 18:50 Clerk        INFO     Request Task
04-09 18:50 Clerk        INFO     Received None
04-09 18:50 Clerk        INFO     Request Task
04-09 18:50 Clerk        INFO     Received None
04-09 18:50 Clerk        INFO     Request Task
04-09 18:50 Clerk        INFO     Received None
04-09 18:50 Clerk        INFO     Request Task
04-09 18:50 Clerk        INFO     Received None
04-09 18:50 Clerk        INFO     Request Task
04-09 18:50 Clerk        INFO     Received None
04-09 18:50 Clerk        INFO     Request Task
04-09 18:50 Clerk        INFO     Received None
04-09 18:50 Clerk        INFO     Request Task
04-09 18:50 Clerk        INFO     Received None
04-09 18:50 Clerk        INFO     Request Task
04-09 18:50 Clerk        INFO     Received None
04-09 18:50 Clerk        INFO     Request Task
04-09 18:50 Clerk        INFO     Received None
04-09 18:51 Clerk        INFO     Request Task
04-09 18:51 Clerk        INFO     Received None
04-09 18:51 Clerk        INFO     Request Task
04-09 18:51 Clerk        INFO     Received None
04-09 18:51 Clerk        INFO     Request Task
04-09 18:51 Clerk        INFO     Received None
04-09 18:51 Clerk        INFO     Request Task
04-09 18:51 Clerk        INFO     Received None
04-09 18:51 Clerk        INFO     Request Task
04-09 18:51 Clerk        INFO     Received None
04-09 18:51 Clerk        INFO     Request Task
04-09 18:51 Clerk        INFO     Received None
04-09 18:51 Clerk        INFO     Request Task
04-09 18:51 Clerk        INFO     Received None
04-09 18:51 Clerk        INFO     Request Task
04-09 18:51 Clerk        INFO     Received None
04-09 18:51 Clerk        INFO     Request Task
04-09 18:51 Clerk        INFO     Received None
04-09 18:51 Clerk        INFO     Request Task
04-09 18:51 Clerk        INFO     Received None
04-09 18:51 Clerk        INFO     Request Task
04-09 18:51 Clerk        INFO     Received None
04-09 18:51 Clerk        INFO     Request Task
04-09 18:51 Clerk        INFO     Received None
04-09 18:52 Clerk        INFO     Request Task
04-09 18:52 Clerk        INFO     Received None
04-09 18:52 Clerk        INFO     Request Task
04-09 18:52 Clerk        INFO     Received None
04-09 18:52 Clerk        INFO     Request Task
04-09 18:52 Clerk        INFO     Received None
04-09 18:52 Clerk        INFO     Request Task
04-09 18:52 Clerk        INFO     Received None
04-09 18:52 Clerk        INFO     Request Task
04-09 18:52 Clerk        INFO     Received None
04-09 18:52 Clerk        INFO     Request Task
04-09 18:52 Clerk        INFO     Received None
04-09 18:52 Clerk        INFO     Request Task
04-09 18:52 Clerk        INFO     Received None
04-09 18:52 Clerk        INFO     Request Task
04-09 18:52 Clerk        INFO     Received None
04-09 18:52 Clerk        INFO     Request Task
04-09 18:52 Clerk        INFO     Received None
04-09 18:52 Clerk        INFO     Request Task
04-09 18:52 Clerk        INFO     Received None
04-09 18:52 Clerk        INFO     Request Task
04-09 18:52 Clerk        INFO     Received None
04-09 18:52 Clerk        INFO     Request Task
04-09 18:52 Clerk        INFO     Received None
04-09 18:53 Clerk        INFO     Request Task
04-09 18:53 Clerk        INFO     Received None
04-09 18:53 Clerk        INFO     Request Task
04-09 18:53 Clerk        INFO     Received None
04-09 18:53 Clerk        INFO     Request Task
04-09 18:53 Clerk        INFO     Received None
04-09 18:53 Clerk        INFO     Request Task
04-09 18:53 Clerk        INFO     Received None
04-09 18:53 Clerk        INFO     Request Task
04-09 18:53 Clerk        INFO     Received None
04-09 18:53 Clerk        INFO     Request Task
04-09 18:53 Clerk        INFO     Received None
04-09 18:53 Clerk        INFO     Request Task
04-09 18:53 Clerk        INFO     Received None
04-09 18:54 Clerk        INFO     Request Task
04-09 18:54 Clerk        INFO     Received None
04-09 18:54 Clerk        INFO     Request Task
04-09 18:54 Clerk        INFO     Received None
04-09 18:54 Clerk        INFO     Request Task
04-09 18:54 Clerk        INFO     Received None
04-09 18:54 Clerk        INFO     Request Task
04-09 18:54 Clerk        INFO     Received None
04-09 18:54 Clerk        INFO     Request Task
04-09 18:54 Clerk        INFO     Received None
04-09 18:54 Clerk        INFO     Request Task
04-09 18:54 Clerk        INFO     Received None
04-09 18:54 Clerk        INFO     Request Task
04-09 18:54 Clerk        INFO     Received None
04-09 18:54 Clerk        INFO     Request Task
04-09 18:54 Clerk        INFO     Received None
04-09 18:54 Clerk        INFO     Request Task
04-09 18:54 Clerk        INFO     Received None
04-09 18:54 Clerk        INFO     Request Task
04-09 18:54 Clerk        INFO     Received None
04-09 18:54 Clerk        INFO     Request Task
04-09 18:54 Clerk        INFO     Received None
04-09 18:54 Clerk        INFO     Request Task
04-09 18:54 Clerk        INFO     Received None
04-09 18:55 Clerk        INFO     Request Task
04-09 18:55 Clerk        INFO     Received None
04-09 18:55 Clerk        INFO     Request Task
04-09 18:55 Clerk        INFO     Received None
04-09 18:55 Clerk        INFO     Request Task
04-09 18:55 Clerk        INFO     Received None
04-09 18:55 Clerk        INFO     Request Task
04-09 18:55 Clerk        INFO     Received None
04-09 18:55 Clerk        INFO     Request Task
04-09 18:55 Clerk        INFO     Received None
04-09 18:55 Clerk        INFO     Request Task
04-09 18:55 Clerk        INFO     Received None
04-09 18:55 Clerk        INFO     Request Task
04-09 18:55 Clerk        INFO     Received None
04-09 18:55 Clerk        INFO     Request Task
04-09 18:55 Clerk        INFO     Received None
04-09 18:55 Clerk        INFO     Request Task
04-09 18:55 Clerk        INFO     Received None
04-09 18:55 Clerk        INFO     Request Task
04-09 18:55 Clerk        INFO     Received None
04-09 18:55 Clerk        INFO     Request Task
04-09 18:55 Clerk        INFO     Received None
04-09 18:55 Clerk        INFO     Request Task
04-09 18:55 Clerk        INFO     Received None
04-09 18:56 Clerk        INFO     Request Task
04-09 18:56 Clerk        INFO     Received None
04-09 18:56 Clerk        INFO     Request Task
04-09 18:56 Clerk        INFO     Received None
04-09 18:56 Clerk        INFO     Request Task
04-09 18:56 Clerk        INFO     Received None
04-09 18:56 Clerk        INFO     Request Task
04-09 18:56 Clerk        INFO     Received None
04-09 18:56 Clerk        INFO     Request Task
04-09 18:56 Clerk        INFO     Received None
04-09 18:56 Clerk        INFO     Request Task
04-09 18:56 Clerk        INFO     Received None
04-09 18:56 Clerk        INFO     Request Task
04-09 18:56 Clerk        INFO     Received None
04-09 18:56 Clerk        INFO     Request Task
04-09 18:56 Clerk        INFO     Received None
04-09 18:56 Clerk        INFO     Request Task
04-09 18:56 Clerk        INFO     Received None
04-09 18:56 Clerk        INFO     Request Task
04-09 18:56 Clerk        INFO     Received None
04-09 18:56 Clerk        INFO     Request Task
04-09 18:56 Clerk        INFO     Received None
04-09 18:56 Clerk        INFO     Request Task
04-09 18:56 Clerk        INFO     Received None
04-09 18:57 Clerk        INFO     Request Task
04-09 18:57 Clerk        INFO     Received None
04-09 18:57 Clerk        INFO     Request Task
04-09 18:57 Clerk        INFO     Received None
04-09 18:57 Clerk        INFO     Request Task
04-09 18:57 Clerk        INFO     Received None
04-09 18:57 Clerk        INFO     Request Task
04-09 18:57 Clerk        INFO     Received None
04-09 18:57 Clerk        INFO     Request Task
04-09 18:57 Clerk        INFO     Received None
04-09 18:57 Clerk        INFO     Request Task
04-09 18:57 Clerk        INFO     Received None
04-09 18:57 Clerk        INFO     Request Task
04-09 18:57 Clerk        INFO     Received None
04-09 18:57 Clerk        INFO     Request Task
04-09 18:57 Clerk        INFO     Received None
04-09 18:57 Clerk        INFO     Request Task
04-09 18:57 Clerk        INFO     Received None
04-09 18:57 Clerk        INFO     Request Task
04-09 18:57 Clerk        INFO     Received None
04-09 18:57 Clerk        INFO     Request Task
04-09 18:57 Clerk        INFO     Received None
04-09 18:57 Clerk        INFO     Request Task
04-09 18:57 Clerk        INFO     Received None
04-09 18:58 Clerk        INFO     Request Task
04-09 18:58 Clerk        INFO     Received None
04-09 18:58 Clerk        INFO     Request Task
04-09 18:58 Clerk        INFO     Received None
04-09 18:58 Clerk        INFO     Request Task
04-09 18:58 Clerk        INFO     Received None
04-09 18:58 Clerk        INFO     Request Task
04-09 18:58 Clerk        INFO     Received None
04-09 18:58 Clerk        INFO     Request Task
04-09 18:58 Clerk        INFO     Received None
04-09 18:58 Clerk        INFO     Request Task
04-09 18:58 Clerk        INFO     Received None
04-09 18:58 Clerk        INFO     Request Task
04-09 18:58 Clerk        INFO     Received None
04-09 18:58 Clerk        INFO     Request Task
04-09 18:58 Clerk        INFO     Received None
04-09 18:58 Clerk        INFO     Request Task
04-09 18:58 Clerk        INFO     Received None
04-09 18:58 Clerk        INFO     Request Task
04-09 18:58 Clerk        INFO     Received None
04-09 18:58 Clerk        INFO     Request Task
04-09 18:58 Clerk        INFO     Received None
04-09 18:58 Clerk        INFO     Request Task
04-09 18:58 Clerk        INFO     Received None
04-09 18:59 Clerk        INFO     Request Task
04-09 18:59 Clerk        INFO     Received None
04-09 18:59 Clerk        INFO     Request Task
04-09 18:59 Clerk        INFO     Received None
04-09 18:59 Clerk        INFO     Request Task
04-09 18:59 Clerk        INFO     Received None
04-09 18:59 Clerk        INFO     Request Task
04-09 18:59 Clerk        INFO     Received None
04-09 18:59 Clerk        INFO     Request Task
04-09 18:59 Clerk        INFO     Received None
04-09 18:59 Clerk        INFO     Request Task
04-09 18:59 Clerk        INFO     Received None
04-09 18:59 Clerk        INFO     Request Task
04-09 18:59 Clerk        INFO     Received None
04-09 18:59 Clerk        INFO     Request Task
04-09 18:59 Clerk        INFO     Received None
04-09 18:59 Clerk        INFO     Request Task
04-09 18:59 Clerk        INFO     Received None
None
04-09 18:59 Clerk        INFO     Request Task
04-09 18:59 Clerk        INFO     Received None
04-09 18:59 Clerk        INFO     Request Task
04-09 18:59 Clerk        INFO     Received None
04-09 18:59 Clerk        INFO     Request Task
04-09 18:59 Clerk        INFO     Received None
04-09 18:59 Clerk        INFO     Request Task
04-09 18:59 Clerk        INFO     Received None
04-09 18:59 Clerk        INFO     Request Task
04-09 18:59 Clerk        INFO     Received None
