04-09 18:24 Waiter       INFO     Setup ZMQ
04-09 18:24 Waiter       INFO     Get items request
04-09 18:24 Waiter       INFO     Received None
04-09 18:24 Waiter       INFO     Get items request
04-09 18:24 Waiter       INFO     Received ('FRIES', (UUID('be7bd8f0-ab6f-4d95-ad58-c8b00e48c547'), 3))
04-09 18:24 Waiter       INFO     Get origin04-09 18:24 Waiter       INFO     Get items request
04-09 18:24 Waiter       INFO     Received None
04-09 18:24 Waiter       INFO     Get items request
04-09 18:24 Waiter       INFO     Received None
04-09 18:24 Waiter       INFO     Get items request
04-09 18:24 Waiter       INFO     Received None
04-09 18:24 Waiter       INFO     Get items request
04-09 18:24 Waiter       INFO     Received None
04-09 18:24 Waiter       INFO     Get items request
04-09 18:24 Waiter       INFO     Received None
04-09 18:25 Waiter       INFO     Get items request
04-09 18:25 Waiter       INFO     Received None
04-09 18:25 Waiter       INFO     Get items request
04-09 18:25 Waiter       INFO     Received None
04-09 18:25 Waiter       INFO     Get items request
04-09 18:25 Waiter       INFO     Received None
04-09 18:25 Waiter       INFO     Get items request
04-09 18:25 Waiter       INFO     Received None
04-09 18:25 Waiter       INFO     Get items request
04-09 18:25 Waiter       INFO     Received None
04-09 18:25 Waiter       INFO     Get items request
04-09 18:25 Waiter       INFO     Received None
04-09 18:25 Waiter       INFO     Get items request
04-09 18:25 Waiter       INFO     Received None
04-09 18:25 Waiter       INFO     Get items request
04-09 18:25 Waiter       INFO     Received None
04-09 18:25 Waiter       INFO     Get items request
04-09 18:25 Waiter       INFO     Received None
04-09 18:25 Waiter       INFO     Get items request
04-09 18:25 Waiter       INFO     Received None
04-09 18:25 Waiter       INFO     Get items request
04-09 18:25 Waiter       INFO     Received None
04-09 18:25 Waiter       INFO     Get items request
04-09 18:25 Waiter       INFO     Received None
04-09 18:26 Waiter       INFO     Get items request
04-09 18:26 Waiter       INFO     Received None
04-09 18:26 Waiter       INFO     Get items request
04-09 18:26 Waiter       INFO     Received None
04-09 18:26 Waiter       INFO     Get items request
04-09 18:26 Waiter       INFO     Received None
04-09 18:26 Waiter       INFO     Get items request
04-09 18:26 Waiter       INFO     Received None
04-09 18:26 Waiter       INFO     Get items request
04-09 18:26 Waiter       INFO     Received None
04-09 18:26 Waiter       INFO     Get items request
04-09 18:26 Waiter       INFO     Received None
04-09 18:26 Waiter       INFO     Get items request
04-09 18:26 Waiter       INFO     Received None
04-09 18:26 Waiter       INFO     Get items request
04-09 18:26 Waiter       INFO     Received None
04-09 18:26 Waiter       INFO     Get items request
04-09 18:26 Waiter       INFO     Received None
04-09 18:26 Waiter       INFO     Get items request
04-09 18:26 Waiter       INFO     Received None
04-09 18:26 Waiter       INFO     Get items request
04-09 18:26 Waiter       INFO     Received None
04-09 18:26 Waiter       INFO     Get items request
04-09 18:26 Waiter       INFO     Received None
04-09 18:27 Waiter       INFO     Get items request
04-09 18:27 Waiter       INFO     Received None
04-09 18:27 Waiter       INFO     Get items request
04-09 18:27 Waiter       INFO     Received None
04-09 18:27 Waiter       INFO     Get items request
04-09 18:27 Waiter       INFO     Received None
04-09 18:27 Waiter       INFO     Get items request
04-09 18:27 Waiter       INFO     Received None
04-09 18:27 Waiter       INFO     Get items request
04-09 18:27 Waiter       INFO     Received None
04-09 18:27 Waiter       INFO     Get items request
04-09 18:27 Waiter       INFO     Received None
04-09 18:27 Waiter       INFO     Get items request
04-09 18:27 Waiter       INFO     Received None
04-09 18:27 Waiter       INFO     Get items request
04-09 18:27 Waiter       INFO     Received None
04-09 18:27 Waiter       INFO     Get items request
04-09 18:27 Waiter       INFO     Received None
04-09 18:27 Waiter       INFO     Get items request
04-09 18:27 Waiter       INFO     Received None
04-09 18:27 Waiter       INFO     Get items request
04-09 18:27 Waiter       INFO     Received None
04-09 18:27 Waiter       INFO     Get items request
04-09 18:27 Waiter       INFO     Received None
04-09 18:28 Waiter       INFO     Get items request
04-09 18:28 Waiter       INFO     Received None
04-09 18:28 Waiter       INFO     Get items request
04-09 18:28 Waiter       INFO     Received None
04-09 18:28 Waiter       INFO     Get items request
04-09 18:28 Waiter       INFO     Received None
04-09 18:28 Waiter       INFO     Get items request
04-09 18:28 Waiter       INFO     Received None
04-09 18:28 Waiter       INFO     Get items request
04-09 18:28 Waiter       INFO     Received None
04-09 18:28 Waiter       INFO     Get items request
04-09 18:28 Waiter       INFO     Received None
04-09 18:28 Waiter       INFO     Get items request
04-09 18:28 Waiter       INFO     Received None
04-09 18:28 Waiter       INFO     Get items request
04-09 18:28 Waiter       INFO     Received None
04-09 18:28 Waiter       INFO     Get items request
04-09 18:28 Waiter       INFO     Received None
04-09 18:28 Waiter       INFO     Get items request
04-09 18:28 Waiter       INFO     Received None
04-09 18:28 Waiter       INFO     Get items request
04-09 18:28 Waiter       INFO     Received None
04-09 18:28 Waiter       INFO     Get items request
04-09 18:28 Waiter       INFO     Received None
04-09 18:29 Waiter       INFO     Get items request
04-09 18:29 Waiter       INFO     Received None
04-09 18:29 Waiter       INFO     Get items request
04-09 18:29 Waiter       INFO     Received None
04-09 18:29 Waiter       INFO     Get items request
04-09 18:29 Waiter       INFO     Received None
04-09 18:29 Waiter       INFO     Get items request
04-09 18:29 Waiter       INFO     Received None
04-09 18:29 Waiter       INFO     Get items request
04-09 18:29 Waiter       INFO     Received None
04-09 18:29 Waiter       INFO     Get items request
04-09 18:29 Waiter       INFO     Received None
04-09 18:29 Waiter       INFO     Get items request
04-09 18:29 Waiter       INFO     Received None
04-09 18:29 Waiter       INFO     Get items request
04-09 18:29 Waiter       INFO     Received None
04-09 18:29 Waiter       INFO     Get items request
04-09 18:29 Waiter       INFO     Received None
04-09 18:29 Waiter       INFO     Get items request
04-09 18:29 Waiter       INFO     Received None
04-09 18:29 Waiter       INFO     Get items request
04-09 18:29 Waiter       INFO     Received None
04-09 18:29 Waiter       INFO     Get items request
04-09 18:29 Waiter       INFO     Received None
04-09 18:30 Waiter       INFO     Get items request
04-09 18:30 Waiter       INFO     Received None
04-09 18:30 Waiter       INFO     Get items request
04-09 18:30 Waiter       INFO     Received None
04-09 18:30 Waiter       INFO     Get items request
04-09 18:30 Waiter       INFO     Received None
04-09 18:30 Waiter       INFO     Get items request
04-09 18:30 Waiter       INFO     Received None
04-09 18:30 Waiter       INFO     Get items request
04-09 18:30 Waiter       INFO     Received None
04-09 18:30 Waiter       INFO     Get items request
04-09 18:30 Waiter       INFO     Received None
04-09 18:30 Waiter       INFO     Get items request
04-09 18:30 Waiter       INFO     Received None
04-09 18:30 Waiter       INFO     Get items request
04-09 18:30 Waiter       INFO     Received None
04-09 18:30 Waiter       INFO     Get items request
04-09 18:30 Waiter       INFO     Received None
04-09 18:30 Waiter       INFO     Get items request
04-09 18:30 Waiter       INFO     Received None
04-09 18:30 Waiter       INFO     Get items request
04-09 18:30 Waiter       INFO     Received None
04-09 18:30 Waiter       INFO     Get items request
04-09 18:30 Waiter       INFO     Received None
04-09 18:31 Waiter       INFO     Get items request
04-09 18:31 Waiter       INFO     Received None
04-09 18:31 Waiter       INFO     Get items request
04-09 18:31 Waiter       INFO     Received None
04-09 18:31 Waiter       INFO     Get items request
04-09 18:31 Waiter       INFO     Received None
04-09 18:31 Waiter       INFO     Get items request
04-09 18:31 Waiter       INFO     Received None
04-09 18:31 Waiter       INFO     Get items request
04-09 18:31 Waiter       INFO     Received None
04-09 18:31 Waiter       INFO     Get items request
04-09 18:31 Waiter       INFO     Received None
04-09 18:31 Waiter       INFO     Get items request
04-09 18:31 Waiter       INFO     Received None
04-09 18:31 Waiter       INFO     Get items request
04-09 18:31 Waiter       INFO     Received None
04-09 18:31 Waiter       INFO     Get items request
04-09 18:31 Waiter       INFO     Received None
04-09 18:31 Waiter       INFO     Get items request
04-09 18:31 Waiter       INFO     Received None
04-09 18:31 Waiter       INFO     Get items request
04-09 18:31 Waiter       INFO     Received None
04-09 18:31 Waiter       INFO     Get items request
04-09 18:31 Waiter       INFO     Received None
04-09 18:32 Waiter       INFO     Get items request
04-09 18:32 Waiter       INFO     Received None
04-09 18:32 Waiter       INFO     Get items request
04-09 18:32 Waiter       INFO     Received None
04-09 18:32 Waiter       INFO     Get items request
04-09 18:32 Waiter       INFO     Received None
04-09 18:32 Waiter       INFO     Get items request
04-09 18:32 Waiter       INFO     Received None
04-09 18:32 Waiter       INFO     Get items request
04-09 18:32 Waiter       INFO     Received None
04-09 18:32 Waiter       INFO     Get items request
04-09 18:32 Waiter       INFO     Received None
04-09 18:32 Waiter       INFO     Get items request
04-09 18:32 Waiter       INFO     Received None
04-09 18:32 Waiter       INFO     Get items request
04-09 18:32 Waiter       INFO     Received None
04-09 18:32 Waiter       INFO     Get items request
04-09 18:32 Waiter       INFO     Received None
04-09 18:32 Waiter       INFO     Get items request
04-09 18:32 Waiter       INFO     Received None
04-09 18:32 Waiter       INFO     Get items request
04-09 18:32 Waiter       INFO     Received None
04-09 18:32 Waiter       INFO     Get items request
04-09 18:32 Waiter       INFO     Received None
04-09 18:33 Waiter       INFO     Get items request
04-09 18:33 Waiter       INFO     Received None
04-09 18:33 Waiter       INFO     Get items request
04-09 18:33 Waiter       INFO     Received None
04-09 18:33 Waiter       INFO     Get items request
04-09 18:33 Waiter       INFO     Received None
04-09 18:33 Waiter       INFO     Get items request
04-09 18:33 Waiter       INFO     Received None
04-09 18:33 Waiter       INFO     Get items request
04-09 18:33 Waiter       INFO     Received None
04-09 18:33 Waiter       INFO     Get items request
04-09 18:33 Waiter       INFO     Received None
04-09 18:33 Waiter       INFO     Get items request
04-09 18:33 Waiter       INFO     Received None
04-09 18:33 Waiter       INFO     Get items request
04-09 18:33 Waiter       INFO     Received None
04-09 18:33 Waiter       INFO     Get items request
04-09 18:33 Waiter       INFO     Received None
04-09 18:33 Waiter       INFO     Get items request
04-09 18:33 Waiter       INFO     Received None
04-09 18:33 Waiter       INFO     Get items request
04-09 18:33 Waiter       INFO     Received None
04-09 18:33 Waiter       INFO     Get items request
04-09 18:33 Waiter       INFO     Received None
04-09 18:34 Waiter       INFO     Get items request
04-09 18:34 Waiter       INFO     Received None
04-09 18:34 Waiter       INFO     Get items request
04-09 18:34 Waiter       INFO     Received None
04-09 18:34 Waiter       INFO     Get items request
04-09 18:34 Waiter       INFO     Received None
04-09 18:34 Waiter       INFO     Get items request
04-09 18:34 Waiter       INFO     Received None
04-09 18:34 Waiter       INFO     Get items request
04-09 18:34 Waiter       INFO     Received None
04-09 18:34 Waiter       INFO     Get items request
04-09 18:34 Waiter       INFO     Received None
04-09 18:34 Waiter       INFO     Get items request
04-09 18:34 Waiter       INFO     Received None
04-09 18:34 Waiter       INFO     Get items request
04-09 18:34 Waiter       INFO     Received None
04-09 18:34 Waiter       INFO     Get items request
04-09 18:34 Waiter       INFO     Received None
04-09 18:34 Waiter       INFO     Get items request
04-09 18:34 Waiter       INFO     Received None
04-09 18:34 Waiter       INFO     Get items request
04-09 18:34 Waiter       INFO     Received None
04-09 18:35 Waiter       INFO     Get items request
04-09 18:35 Waiter       INFO     Received None
04-09 18:35 Waiter       INFO     Get items request
04-09 18:35 Waiter       INFO     Received None
04-09 18:35 Waiter       INFO     Get items request
04-09 18:35 Waiter       INFO     Received None
04-09 18:35 Waiter       INFO     Get items request
04-09 18:35 Waiter       INFO     Received None
04-09 18:35 Waiter       INFO     Get items request
04-09 18:35 Waiter       INFO     Received None
04-09 18:35 Waiter       INFO     Get items request
04-09 18:35 Waiter       INFO     Received None
04-09 18:35 Waiter       INFO     Get items request
04-09 18:35 Waiter       INFO     Received None
04-09 18:35 Waiter       INFO     Get items request
04-09 18:35 Waiter       INFO     Received None
04-09 18:35 Waiter       INFO     Get items request
04-09 18:35 Waiter       INFO     Received None
04-09 18:35 Waiter       INFO     Get items request
04-09 18:35 Waiter       INFO     Received None
04-09 18:35 Waiter       INFO     Get items request
04-09 18:35 Waiter       INFO     Received None
04-09 18:35 Waiter       INFO     Get items request
04-09 18:35 Waiter       INFO     Received None
04-09 18:36 Waiter       INFO     Get items request
04-09 18:36 Waiter       INFO     Received None
04-09 18:36 Waiter       INFO     Get items request
04-09 18:36 Waiter       INFO     Received None
04-09 18:36 Waiter       INFO     Get items request
04-09 18:36 Waiter       INFO     Received None
04-09 18:36 Waiter       INFO     Get items request
04-09 18:36 Waiter       INFO     Received None
04-09 18:36 Waiter       INFO     Get items request
04-09 18:36 Waiter       INFO     Received None
04-09 18:36 Waiter       INFO     Get items request
04-09 18:36 Waiter       INFO     Received None
04-09 18:36 Waiter       INFO     Get items request
04-09 18:36 Waiter       INFO     Received None
04-09 18:36 Waiter       INFO     Get items request
04-09 18:36 Waiter       INFO     Received None
04-09 18:36 Waiter       INFO     Get items request
04-09 18:36 Waiter       INFO     Received None
04-09 18:36 Waiter       INFO     Get items request
04-09 18:36 Waiter       INFO     Received None
04-09 18:36 Waiter       INFO     Get items request
04-09 18:36 Waiter       INFO     Received None
04-09 18:36 Waiter       INFO     Get items request
04-09 18:36 Waiter       INFO     Received None
04-09 18:37 Waiter       INFO     Get items request
04-09 18:37 Waiter       INFO     Received None
04-09 18:37 Waiter       INFO     Get items request
04-09 18:37 Waiter       INFO     Received None
04-09 18:37 Waiter       INFO     Get items request
04-09 18:37 Waiter       INFO     Received None
04-09 18:37 Waiter       INFO     Get items request
04-09 18:37 Waiter       INFO     Received None
04-09 18:37 Waiter       INFO     Get items request
04-09 18:37 Waiter       INFO     Received None
04-09 18:37 Waiter       INFO     Get items request
04-09 18:37 Waiter       INFO     Received None
04-09 18:37 Waiter       INFO     Get items request
04-09 18:37 Waiter       INFO     Received None
04-09 18:37 Waiter       INFO     Get items request
04-09 18:37 Waiter       INFO     Received None
04-09 18:37 Waiter       INFO     Get items request
04-09 18:37 Waiter       INFO     Received None
04-09 18:37 Waiter       INFO     Get items request
04-09 18:37 Waiter       INFO     Received None
04-09 18:37 Waiter       INFO     Get items request
04-09 18:37 Waiter       INFO     Received None
04-09 18:37 Waiter       INFO     Get items request
04-09 18:37 Waiter       INFO     Received None
04-09 18:38 Waiter       INFO     Get items request
04-09 18:38 Waiter       INFO     Received None
04-09 18:38 Waiter       INFO     Get items request
04-09 18:38 Waiter       INFO     Received None
04-09 18:38 Waiter       INFO     Get items request
04-09 18:38 Waiter       INFO     Received None
04-09 18:38 Waiter       INFO     Get items request
04-09 18:38 Waiter       INFO     Received None
04-09 18:38 Waiter       INFO     Get items request
04-09 18:38 Waiter       INFO     Received None
04-09 18:38 Waiter       INFO     Get items request
04-09 18:38 Waiter       INFO     Received None
04-09 18:38 Waiter       INFO     Get items request
04-09 18:38 Waiter       INFO     Received None
04-09 18:38 Waiter       INFO     Get items request
04-09 18:38 Waiter       INFO     Received None
04-09 18:38 Waiter       INFO     Get items request
04-09 18:38 Waiter       INFO     Received None
04-09 18:38 Waiter       INFO     Get items request
04-09 18:38 Waiter       INFO     Received None
04-09 18:38 Waiter       INFO     Get items request
04-09 18:38 Waiter       INFO     Received None
04-09 18:38 Waiter       INFO     Get items request
04-09 18:38 Waiter       INFO     Received None
04-09 18:39 Waiter       INFO     Get items request
04-09 18:39 Waiter       INFO     Received None
04-09 18:39 Waiter       INFO     Get items request
04-09 18:39 Waiter       INFO     Received None
04-09 18:39 Waiter       INFO     Get items request
04-09 18:39 Waiter       INFO     Received None
04-09 18:39 Waiter       INFO     Get items request
04-09 18:39 Waiter       INFO     Received None
04-09 18:39 Waiter       INFO     Get items request
04-09 18:39 Waiter       INFO     Received None
04-09 18:39 Waiter       INFO     Get items request
04-09 18:39 Waiter       INFO     Received None
04-09 18:39 Waiter       INFO     Get items request
04-09 18:39 Waiter       INFO     Received None
04-09 18:39 Waiter       INFO     Get items request
04-09 18:39 Waiter       INFO     Received None
04-09 18:39 Waiter       INFO     Get items request
04-09 18:39 Waiter       INFO     Received None
04-09 18:39 Waiter       INFO     Get items request
04-09 18:39 Waiter       INFO     Received None
04-09 18:39 Waiter       INFO     Get items request
04-09 18:39 Waiter       INFO     Received None
04-09 18:39 Waiter       INFO     Get items request
04-09 18:39 Waiter       INFO     Received None
04-09 18:40 Waiter       INFO     Get items request
04-09 18:40 Waiter       INFO     Received None
04-09 18:40 Waiter       INFO     Get items request
04-09 18:40 Waiter       INFO     Received None
04-09 18:40 Waiter       INFO     Get items request
04-09 18:40 Waiter       INFO     Received None
04-09 18:40 Waiter       INFO     Get items request
04-09 18:40 Waiter       INFO     Received None
04-09 18:40 Waiter       INFO     Get items request
04-09 18:40 Waiter       INFO     Received None
04-09 18:40 Waiter       INFO     Get items request
04-09 18:40 Waiter       INFO     Received None
04-09 18:40 Waiter       INFO     Get items request
04-09 18:40 Waiter       INFO     Received None
04-09 18:40 Waiter       INFO     Get items request
04-09 18:40 Waiter       INFO     Received None
04-09 18:40 Waiter       INFO     Get items request
04-09 18:40 Waiter       INFO     Received None
04-09 18:40 Waiter       INFO     Get items request
04-09 18:40 Waiter       INFO     Received None
04-09 18:40 Waiter       INFO     Get items request
04-09 18:40 Waiter       INFO     Received None
04-09 18:40 Waiter       INFO     Get items request
04-09 18:40 Waiter       INFO     Received None
04-09 18:41 Waiter       INFO     Get items request
04-09 18:41 Waiter       INFO     Received None
04-09 18:41 Waiter       INFO     Get items request
04-09 18:41 Waiter       INFO     Received None
04-09 18:41 Waiter       INFO     Get items request
04-09 18:41 Waiter       INFO     Received None
04-09 18:41 Waiter       INFO     Get items request
04-09 18:41 Waiter       INFO     Received None
04-09 18:41 Waiter       INFO     Get items request
04-09 18:41 Waiter       INFO     Received None
04-09 18:41 Waiter       INFO     Get items request
04-09 18:41 Waiter       INFO     Received None
04-09 18:41 Waiter       INFO     Get items request
04-09 18:41 Waiter       INFO     Received None
04-09 18:41 Waiter       INFO     Get items request
04-09 18:41 Waiter       INFO     Received None
04-09 18:41 Waiter       INFO     Get items request
04-09 18:41 Waiter       INFO     Received None
04-09 18:41 Waiter       INFO     Get items request
04-09 18:41 Waiter       INFO     Received None
04-09 18:41 Waiter       INFO     Get items request
04-09 18:41 Waiter       INFO     Received None
04-09 18:41 Waiter       INFO     Get items request
04-09 18:41 Waiter       INFO     Received None
04-09 18:42 Waiter       INFO     Get items request
04-09 18:42 Waiter       INFO     Received None
04-09 18:42 Waiter       INFO     Get items request
04-09 18:42 Waiter       INFO     Received None
04-09 18:42 Waiter       INFO     Get items request
04-09 18:42 Waiter       INFO     Received None
04-09 18:42 Waiter       INFO     Get items request
04-09 18:42 Waiter       INFO     Received None
04-09 18:42 Waiter       INFO     Get items request
04-09 18:42 Waiter       INFO     Received None
04-09 18:42 Waiter       INFO     Get items request
04-09 18:42 Waiter       INFO     Received None
04-09 18:42 Waiter       INFO     Get items request
04-09 18:42 Waiter       INFO     Received None
04-09 18:42 Waiter       INFO     Get items request
04-09 18:42 Waiter       INFO     Received None
04-09 18:42 Waiter       INFO     Get items request
04-09 18:42 Waiter       INFO     Received None
04-09 18:42 Waiter       INFO     Get items request
04-09 18:42 Waiter       INFO     Received None
04-09 18:42 Waiter       INFO     Get items request
04-09 18:42 Waiter       INFO     Received None
04-09 18:42 Waiter       INFO     Get items request
04-09 18:42 Waiter       INFO     Received None
04-09 18:43 Waiter       INFO     Get items request
04-09 18:43 Waiter       INFO     Received None
04-09 18:43 Waiter       INFO     Get items request
04-09 18:43 Waiter       INFO     Received None
04-09 18:43 Waiter       INFO     Get items request
04-09 18:43 Waiter       INFO     Received None
04-09 18:43 Waiter       INFO     Get items request
04-09 18:43 Waiter       INFO     Received None
04-09 18:43 Waiter       INFO     Get items request
04-09 18:43 Waiter       INFO     Received None
04-09 18:43 Waiter       INFO     Get items request
04-09 18:43 Waiter       INFO     Received None
04-09 18:43 Waiter       INFO     Get items request
04-09 18:43 Waiter       INFO     Received None
04-09 18:43 Waiter       INFO     Get items request
04-09 18:43 Waiter       INFO     Received None
04-09 18:43 Waiter       INFO     Get items request
04-09 18:43 Waiter       INFO     Received None
04-09 18:43 Waiter       INFO     Get items request
04-09 18:43 Waiter       INFO     Received None
04-09 18:43 Waiter       INFO     Get items request
04-09 18:43 Waiter       INFO     Received None
04-09 18:43 Waiter       INFO     Get items request
04-09 18:43 Waiter       INFO     Received None
04-09 18:44 Waiter       INFO     Get items request
04-09 18:44 Waiter       INFO     Received None
04-09 18:44 Waiter       INFO     Get items request
04-09 18:44 Waiter       INFO     Received None
04-09 18:44 Waiter       INFO     Get items request
04-09 18:44 Waiter       INFO     Received None
04-09 18:44 Waiter       INFO     Get items request
04-09 18:44 Waiter       INFO     Received None
04-09 18:44 Waiter       INFO     Get items request
04-09 18:44 Waiter       INFO     Received None
04-09 18:44 Waiter       INFO     Get items request
04-09 18:44 Waiter       INFO     Received None
04-09 18:44 Waiter       INFO     Get items request
04-09 18:44 Waiter       INFO     Received None
04-09 18:44 Waiter       INFO     Get items request
04-09 18:44 Waiter       INFO     Received None
04-09 18:44 Waiter       INFO     Get items request
04-09 18:44 Waiter       INFO     Received None
04-09 18:44 Waiter       INFO     Get items request
04-09 18:44 Waiter       INFO     Received None
04-09 18:44 Waiter       INFO     Get items request
04-09 18:44 Waiter       INFO     Received None
04-09 18:44 Waiter       INFO     Get items request
04-09 18:44 Waiter       INFO     Received None
04-09 18:45 Waiter       INFO     Get items request
04-09 18:45 Waiter       INFO     Received None
04-09 18:45 Waiter       INFO     Get items request
04-09 18:45 Waiter       INFO     Received None
04-09 18:45 Waiter       INFO     Get items request
04-09 18:45 Waiter       INFO     Received None
04-09 18:45 Waiter       INFO     Get items request
04-09 18:45 Waiter       INFO     Received None
04-09 18:45 Waiter       INFO     Get items request
04-09 18:45 Waiter       INFO     Received None
04-09 18:45 Waiter       INFO     Get items request
04-09 18:45 Waiter       INFO     Received None
04-09 18:45 Waiter       INFO     Get items request
04-09 18:45 Waiter       INFO     Received None
04-09 18:45 Waiter       INFO     Get items request
04-09 18:45 Waiter       INFO     Received None
04-09 18:45 Waiter       INFO     Get items request
04-09 18:45 Waiter       INFO     Received None
04-09 18:45 Waiter       INFO     Get items request
04-09 18:45 Waiter       INFO     Received None
04-09 18:45 Waiter       INFO     Get items request
04-09 18:45 Waiter       INFO     Received None
04-09 18:45 Waiter       INFO     Get items request
04-09 18:45 Waiter       INFO     Received None
04-09 18:46 Waiter       INFO     Get items request
04-09 18:46 Waiter       INFO     Received None
04-09 18:46 Waiter       INFO     Get items request
04-09 18:46 Waiter       INFO     Received None
04-09 18:46 Waiter       INFO     Get items request
04-09 18:46 Waiter       INFO     Received None
04-09 18:46 Waiter       INFO     Get items request
04-09 18:46 Waiter       INFO     Received None
04-09 18:46 Waiter       INFO     Get items request
04-09 18:46 Waiter       INFO     Received None
04-09 18:46 Waiter       INFO     Get items request
04-09 18:46 Waiter       INFO     Received None
04-09 18:46 Waiter       INFO     Get items request
04-09 18:46 Waiter       INFO     Received None
04-09 18:46 Waiter       INFO     Get items request
04-09 18:46 Waiter       INFO     Received None
04-09 18:46 Waiter       INFO     Get items request
04-09 18:46 Waiter       INFO     Received None
04-09 18:46 Waiter       INFO     Get items request
04-09 18:46 Waiter       INFO     Received None
04-09 18:46 Waiter       INFO     Get items request
04-09 18:46 Waiter       INFO     Received None
04-09 18:46 Waiter       INFO     Get items request
04-09 18:46 Waiter       INFO     Received None
04-09 18:47 Waiter       INFO     Get items request
04-09 18:47 Waiter       INFO     Received None
04-09 18:47 Waiter       INFO     Get items request
04-09 18:47 Waiter       INFO     Received None
04-09 18:47 Waiter       INFO     Get items request
04-09 18:47 Waiter       INFO     Received None
04-09 18:47 Waiter       INFO     Get items request
04-09 18:47 Waiter       INFO     Received None
04-09 18:47 Waiter       INFO     Get items request
04-09 18:47 Waiter       INFO     Received None
04-09 18:47 Waiter       INFO     Get items request
04-09 18:47 Waiter       INFO     Received None
04-09 18:47 Waiter       INFO     Get items request
04-09 18:47 Waiter       INFO     Received None
04-09 18:47 Waiter       INFO     Get items request
04-09 18:47 Waiter       INFO     Received None
04-09 18:47 Waiter       INFO     Get items request
04-09 18:47 Waiter       INFO     Received None
04-09 18:47 Waiter       INFO     Get items request
04-09 18:47 Waiter       INFO     Received None
04-09 18:47 Waiter       INFO     Get items request
04-09 18:47 Waiter       INFO     Received None
04-09 18:47 Waiter       INFO     Get items request
04-09 18:47 Waiter       INFO     Received None
04-09 18:48 Waiter       INFO     Get items request
04-09 18:48 Waiter       INFO     Received None
04-09 18:48 Waiter       INFO     Get items request
04-09 18:48 Waiter       INFO     Received None
04-09 18:48 Waiter       INFO     Get items request
04-09 18:48 Waiter       INFO     Received None
04-09 18:48 Waiter       INFO     Get items request
04-09 18:48 Waiter       INFO     Received None
04-09 18:48 Waiter       INFO     Get items request
04-09 18:48 Waiter       INFO     Received None
04-09 18:48 Waiter       INFO     Get items request
04-09 18:48 Waiter       INFO     Received None
04-09 18:48 Waiter       INFO     Get items request
04-09 18:48 Waiter       INFO     Received None
04-09 18:48 Waiter       INFO     Get items request
04-09 18:48 Waiter       INFO     Received None
04-09 18:48 Waiter       INFO     Get items request
04-09 18:48 Waiter       INFO     Received None
04-09 18:48 Waiter       INFO     Get items request
04-09 18:48 Waiter       INFO     Received None
04-09 18:48 Waiter       INFO     Get items request
04-09 18:48 Waiter       INFO     Received None
04-09 18:48 Waiter       INFO     Get items request
04-09 18:48 Waiter       INFO     Received None
04-09 18:49 Waiter       INFO     Get items request
04-09 18:49 Waiter       INFO     Received None
04-09 18:49 Waiter       INFO     Get items request
04-09 18:49 Waiter       INFO     Received None
04-09 18:49 Waiter       INFO     Get items request
04-09 18:49 Waiter       INFO     Received None
04-09 18:49 Waiter       INFO     Get items request
04-09 18:49 Waiter       INFO     Received None
04-09 18:49 Waiter       INFO     Get items request
04-09 18:49 Waiter       INFO     Received None
04-09 18:49 Waiter       INFO     Get items request
04-09 18:49 Waiter       INFO     Received None
04-09 18:49 Waiter       INFO     Get items request
04-09 18:49 Waiter       INFO     Received None
04-09 18:49 Waiter       INFO     Get items request
04-09 18:49 Waiter       INFO     Received None
04-09 18:49 Waiter       INFO     Get items request
04-09 18:49 Waiter       INFO     Received None
04-09 18:49 Waiter       INFO     Get items request
04-09 18:49 Waiter       INFO     Received None
04-09 18:49 Waiter       INFO     Get items request
04-09 18:49 Waiter       INFO     Received None
04-09 18:49 Waiter       INFO     Get items request
04-09 18:49 Waiter       INFO     Received None
04-09 18:50 Waiter       INFO     Get items request
04-09 18:50 Waiter       INFO     Received None
04-09 18:50 Waiter       INFO     Get items request
04-09 18:50 Waiter       INFO     Received None
04-09 18:50 Waiter       INFO     Get items request
04-09 18:50 Waiter       INFO     Received None
04-09 18:50 Waiter       INFO     Get items request
04-09 18:50 Waiter       INFO     Received None
04-09 18:50 Waiter       INFO     Get items request
04-09 18:50 Waiter       INFO     Received None
04-09 18:50 Waiter       INFO     Get items request
04-09 18:50 Waiter       INFO     Received None
04-09 18:50 Waiter       INFO     Get items request
04-09 18:50 Waiter       INFO     Received None
04-09 18:50 Waiter       INFO     Get items request
04-09 18:50 Waiter       INFO     Received None
04-09 18:50 Waiter       INFO     Get items request
04-09 18:50 Waiter       INFO     Received None
04-09 18:50 Waiter       INFO     Get items request
04-09 18:50 Waiter       INFO     Received None
04-09 18:50 Waiter       INFO     Get items request
04-09 18:50 Waiter       INFO     Received None
04-09 18:50 Waiter       INFO     Get items request
04-09 18:50 Waiter       INFO     Received None
04-09 18:51 Waiter       INFO     Get items request
04-09 18:51 Waiter       INFO     Received None
04-09 18:51 Waiter       INFO     Get items request
04-09 18:51 Waiter       INFO     Received None
04-09 18:51 Waiter       INFO     Get items request
04-09 18:51 Waiter       INFO     Received None
04-09 18:51 Waiter       INFO     Get items request
04-09 18:51 Waiter       INFO     Received None
04-09 18:51 Waiter       INFO     Get items request
04-09 18:51 Waiter       INFO     Received None
04-09 18:51 Waiter       INFO     Get items request
04-09 18:51 Waiter       INFO     Received None
04-09 18:51 Waiter       INFO     Get items request
04-09 18:51 Waiter       INFO     Received None
04-09 18:51 Waiter       INFO     Get items request
04-09 18:51 Waiter       INFO     Received None
04-09 18:51 Waiter       INFO     Get items request
04-09 18:51 Waiter       INFO     Received None
04-09 18:51 Waiter       INFO     Get items request
04-09 18:51 Waiter       INFO     Received None
04-09 18:51 Waiter       INFO     Get items request
04-09 18:51 Waiter       INFO     Received None
04-09 18:51 Waiter       INFO     Get items request
04-09 18:51 Waiter       INFO     Received None
04-09 18:52 Waiter       INFO     Get items request
04-09 18:52 Waiter       INFO     Received None
04-09 18:52 Waiter       INFO     Get items request
04-09 18:52 Waiter       INFO     Received None
04-09 18:52 Waiter       INFO     Get items request
04-09 18:52 Waiter       INFO     Received None
04-09 18:52 Waiter       INFO     Get items request
04-09 18:52 Waiter       INFO     Received None
04-09 18:52 Waiter       INFO     Get items request
04-09 18:52 Waiter       INFO     Received None
04-09 18:52 Waiter       INFO     Get items request
04-09 18:52 Waiter       INFO     Received None
04-09 18:52 Waiter       INFO     Get items request
04-09 18:52 Waiter       INFO     Received None
04-09 18:52 Waiter       INFO     Get items request
04-09 18:52 Waiter       INFO     Received None
04-09 18:52 Waiter       INFO     Get items request
04-09 18:52 Waiter       INFO     Received None
04-09 18:52 Waiter       INFO     Get items request
04-09 18:52 Waiter       INFO     Received None
04-09 18:52 Waiter       INFO     Get items request
04-09 18:52 Waiter       INFO     Received None
04-09 18:52 Waiter       INFO     Get items request
04-09 18:52 Waiter       INFO     Received None
04-09 18:53 Waiter       INFO     Get items request
04-09 18:53 Waiter       INFO     Received None
04-09 18:53 Waiter       INFO     Get items request
04-09 18:53 Waiter       INFO     Received None
04-09 18:53 Waiter       INFO     Get items request
04-09 18:53 Waiter       INFO     Received None
04-09 18:53 Waiter       INFO     Get items request
04-09 18:53 Waiter       INFO     Received None
04-09 18:53 Waiter       INFO     Get items request
04-09 18:53 Waiter       INFO     Received None
04-09 18:53 Waiter       INFO     Get items request
04-09 18:53 Waiter       INFO     Received None
04-09 18:53 Waiter       INFO     Get items request
04-09 18:53 Waiter       INFO     Received None
04-09 18:54 Waiter       INFO     Get items request
04-09 18:54 Waiter       INFO     Received None
04-09 18:54 Waiter       INFO     Get items request
04-09 18:54 Waiter       INFO     Received None
04-09 18:54 Waiter       INFO     Get items request
04-09 18:54 Waiter       INFO     Received None
04-09 18:54 Waiter       INFO     Get items request
04-09 18:54 Waiter       INFO     Received None
04-09 18:54 Waiter       INFO     Get items request
04-09 18:54 Waiter       INFO     Received None
04-09 18:54 Waiter       INFO     Get items request
04-09 18:54 Waiter       INFO     Received None
04-09 18:54 Waiter       INFO     Get items request
04-09 18:54 Waiter       INFO     Received None
04-09 18:54 Waiter       INFO     Get items request
04-09 18:54 Waiter       INFO     Received None
04-09 18:54 Waiter       INFO     Get items request
04-09 18:54 Waiter       INFO     Received None
04-09 18:54 Waiter       INFO     Get items request
04-09 18:54 Waiter       INFO     Received None
04-09 18:54 Waiter       INFO     Get items request
04-09 18:54 Waiter       INFO     Received None
04-09 18:54 Waiter       INFO     Get items request
04-09 18:54 Waiter       INFO     Received None
04-09 18:55 Waiter       INFO     Get items request
04-09 18:55 Waiter       INFO     Received None
04-09 18:55 Waiter       INFO     Get items request
04-09 18:55 Waiter       INFO     Received None
04-09 18:55 Waiter       INFO     Get items request
04-09 18:55 Waiter       INFO     Received None
04-09 18:55 Waiter       INFO     Get items request
04-09 18:55 Waiter       INFO     Received None
04-09 18:55 Waiter       INFO     Get items request
04-09 18:55 Waiter       INFO     Received None
04-09 18:55 Waiter       INFO     Get items request
04-09 18:55 Waiter       INFO     Received None
04-09 18:55 Waiter       INFO     Get items request
04-09 18:55 Waiter       INFO     Received None
04-09 18:55 Waiter       INFO     Get items request
04-09 18:55 Waiter       INFO     Received None
04-09 18:55 Waiter       INFO     Get items request
04-09 18:55 Waiter       INFO     Received None
04-09 18:55 Waiter       INFO     Get items request
04-09 18:55 Waiter       INFO     Received None
04-09 18:55 Waiter       INFO     Get items request
04-09 18:55 Waiter       INFO     Received None
04-09 18:55 Waiter       INFO     Get items request
04-09 18:55 Waiter       INFO     Received None
04-09 18:56 Waiter       INFO     Get items request
04-09 18:56 Waiter       INFO     Received None
04-09 18:56 Waiter       INFO     Get items request
04-09 18:56 Waiter       INFO     Received None
04-09 18:56 Waiter       INFO     Get items request
04-09 18:56 Waiter       INFO     Received None
04-09 18:56 Waiter       INFO     Get items request
04-09 18:56 Waiter       INFO     Received None
04-09 18:56 Waiter       INFO     Get items request
04-09 18:56 Waiter       INFO     Received None
04-09 18:56 Waiter       INFO     Get items request
04-09 18:56 Waiter       INFO     Received None
04-09 18:56 Waiter       INFO     Get items request
04-09 18:56 Waiter       INFO     Received None
04-09 18:56 Waiter       INFO     Get items request
04-09 18:56 Waiter       INFO     Received None
04-09 18:56 Waiter       INFO     Get items request
04-09 18:56 Waiter       INFO     Received None
04-09 18:56 Waiter       INFO     Get items request
04-09 18:56 Waiter       INFO     Received None
04-09 18:56 Waiter       INFO     Get items request
04-09 18:56 Waiter       INFO     Received None
04-09 18:56 Waiter       INFO     Get items request
04-09 18:56 Waiter       INFO     Received None
04-09 18:57 Waiter       INFO     Get items request
04-09 18:57 Waiter       INFO     Received None
04-09 18:57 Waiter       INFO     Get items request
04-09 18:57 Waiter       INFO     Received None
04-09 18:57 Waiter       INFO     Get items request
04-09 18:57 Waiter       INFO     Received None
04-09 18:57 Waiter       INFO     Get items request
04-09 18:57 Waiter       INFO     Received None
04-09 18:57 Waiter       INFO     Get items request
04-09 18:57 Waiter       INFO     Received None
04-09 18:57 Waiter       INFO     Get items request
04-09 18:57 Waiter       INFO     Received None
04-09 18:57 Waiter       INFO     Get items request
04-09 18:57 Waiter       INFO     Received None
04-09 18:57 Waiter       INFO     Get items request
04-09 18:57 Waiter       INFO     Received None
04-09 18:57 Waiter       INFO     Get items request
04-09 18:57 Waiter       INFO     Received None
04-09 18:57 Waiter       INFO     Get items request
04-09 18:57 Waiter       INFO     Received None
04-09 18:57 Waiter       INFO     Get items request
04-09 18:57 Waiter       INFO     Received None
04-09 18:57 Waiter       INFO     Get items request
04-09 18:57 Waiter       INFO     Received None
04-09 18:58 Waiter       INFO     Get items request
04-09 18:58 Waiter       INFO     Received None
04-09 18:58 Waiter       INFO     Get items request
04-09 18:58 Waiter       INFO     Received None
04-09 18:58 Waiter       INFO     Get items request
04-09 18:58 Waiter       INFO     Received None
04-09 18:58 Waiter       INFO     Get items request
04-09 18:58 Waiter       INFO     Received None
04-09 18:58 Waiter       INFO     Get items request
04-09 18:58 Waiter       INFO     Received None
04-09 18:58 Waiter       INFO     Get items request
04-09 18:58 Waiter       INFO     Received None
04-09 18:58 Waiter       INFO     Get items request
04-09 18:58 Waiter       INFO     Received None
04-09 18:58 Waiter       INFO     Get items request
04-09 18:58 Waiter       INFO     Received None
04-09 18:58 Waiter       INFO     Get items request
04-09 18:58 Waiter       INFO     Received None
04-09 18:58 Waiter       INFO     Get items request
04-09 18:58 Waiter       INFO     Received None
04-09 18:58 Waiter       INFO     Get items request
04-09 18:58 Waiter       INFO     Received None
04-09 18:58 Waiter       INFO     Get items request
04-09 18:58 Waiter       INFO     Received None
04-09 18:59 Waiter       INFO     Get items request
04-09 18:59 Waiter       INFO     Received None
04-09 18:59 Waiter       INFO     Get items request
04-09 18:59 Waiter       INFO     Received None
04-09 18:59 Waiter       INFO     Get items request
04-09 18:59 Waiter       INFO     Received None
04-09 18:59 Waiter       INFO     Get items request
04-09 18:59 Waiter       INFO     Received None
04-09 18:59 Waiter       INFO     Get items request
04-09 18:59 Waiter       INFO     Received None
04-09 18:59 Waiter       INFO     Get items request
04-09 18:59 Waiter       INFO     Received None
04-09 18:59 Waiter       INFO     Get items request
04-09 18:59 Waiter       INFO     Received None
04-09 18:59 Waiter       INFO     Get items request
04-09 18:59 Waiter       INFO     Received None
04-09 18:59 Waiter       INFO     Get items request
04-09 18:59 Waiter       INFO     Received None
8:54 Waiter       INFO     Get items request
04-09 18:54 Waiter       INFO     Received None
04-09 18:54 Waiter       INFO     Get items request
04-09 18:54 Waiter       INFO     Received None
04-09 18:54 Waiter       INFO     Get items request
04-09 18:54 Waiter       INFO     Received None
04-09 18:54 Waiter       INFO     Get items request
04-09 18:54 Waiter       INFO     Received None
04-09 18:54 Waiter       INFO     Get items request
04-09 18:54 Waiter       INFO     Received None
04-09 18:54 Waiter       INFO     Get items request
04-09 18:54 Waiter       INFO     Received None
04-09 18:55 Waiter       INFO     Get items request
04-09 18:55 Waiter       INFO     Received None
04-09 18:55 Waiter       INFO     Get items request
04-09 18:55 Waiter       INFO     Received None
04-09 18:55 Waiter       INFO     Get items request
04-09 18:55 Waiter       INFO     Received None
04-09 18:55 Waiter       INFO     Get items request
04-09 18:55 Waiter       INFO     Received None
04-09 18:55 Waiter       INFO     Get items request
04-09 18:55 Waiter       INFO     Received None
04-09 18:55 Waiter       INFO     Get items request
04-09 18:55 Waiter       INFO     Received None
04-09 18:55 Waiter       INFO     Get items request
04-09 18:55 Waiter       INFO     Received None
04-09 18:55 Waiter       INFO     Get items request
04-09 18:55 Waiter       INFO     Received None
04-09 18:55 Waiter       INFO     Get items request
04-09 18:55 Waiter       INFO     Received None
04-09 18:55 Waiter       INFO     Get items request
04-09 18:55 Waiter       INFO     Received None
04-09 18:55 Waiter       INFO     Get items request
04-09 18:55 Waiter       INFO     Received None
04-09 18:55 Waiter       INFO     Get items request
04-09 18:55 Waiter       INFO     Received None
04-09 18:56 Waiter       INFO     Get items request
04-09 18:56 Waiter       INFO     Received None
04-09 18:56 Waiter       INFO     Get items request
04-09 18:56 Waiter       INFO     Received None
04-09 18:56 Waiter       INFO     Get items request
04-09 18:56 Waiter       INFO     Received None
04-09 18:56 Waiter       INFO     Get items request
04-09 18:56 Waiter       INFO     Received None
04-09 18:56 Waiter       INFO     Get items request
04-09 18:56 Waiter       INFO     Received None
04-09 18:56 Waiter       INFO     Get items request
04-09 18:56 Waiter       INFO     Received None
04-09 18:56 Waiter       INFO     Get items request
04-09 18:56 Waiter       INFO     Received None
04-09 18:56 Waiter       INFO     Get items request
04-09 18:56 Waiter       INFO     Received None
04-09 18:56 Waiter       INFO     Get items request
04-09 18:56 Waiter       INFO     Received None
04-09 18:56 Waiter       INFO     Get items request
04-09 18:56 Waiter       INFO     Received None
04-09 18:56 Waiter       INFO     Get items request
04-09 18:56 Waiter       INFO     Received None
04-09 18:56 Waiter       INFO     Get items request
04-09 18:56 Waiter       INFO     Received None
04-09 18:57 Waiter       INFO     Get items request
04-09 18:57 Waiter       INFO     Received None
04-09 18:57 Waiter       INFO     Get items request
04-09 18:57 Waiter       INFO     Received None
04-09 18:57 Waiter       INFO     Get items request
04-09 18:57 Waiter       INFO     Received None
04-09 18:57 Waiter       INFO     Get items request
04-09 18:57 Waiter       INFO     Received None
04-09 18:57 Waiter       INFO     Get items request
04-09 18:57 Waiter       INFO     Received None
04-09 18:57 Waiter       INFO     Get items request
04-09 18:57 Waiter       INFO     Received None
04-09 18:57 Waiter       INFO     Get items request
04-09 18:57 Waiter       INFO     Received None
04-09 18:57 Waiter       INFO     Get items request
04-09 18:57 Waiter       INFO     Received None
04-09 18:57 Waiter       INFO     Get items request
04-09 18:57 Waiter       INFO     Received None
04-09 18:57 Waiter       INFO     Get items request
04-09 18:57 Waiter       INFO     Received None
04-09 18:57 Waiter       INFO     Get items request
04-09 18:57 Waiter       INFO     Received None
04-09 18:57 Waiter       INFO     Get items request
04-09 18:57 Waiter       INFO     Received None
04-09 18:58 Waiter       INFO     Get items request
04-09 18:58 Waiter       INFO     Received None
04-09 18:58 Waiter       INFO     Get items request
04-09 18:58 Waiter       INFO     Received None
04-09 18:58 Waiter       INFO     Get items request
04-09 18:58 Waiter       INFO     Received None
04-09 18:58 Waiter       INFO     Get items request
04-09 18:58 Waiter       INFO     Received None
04-09 18:58 Waiter       INFO     Get items request
04-09 18:58 Waiter       INFO     Received None
04-09 18:58 Waiter       INFO     Get items request
04-09 18:58 Waiter       INFO     Received None
04-09 18:58 Waiter       INFO     Get items request
04-09 18:58 Waiter       INFO     Received None
04-09 18:58 Waiter       INFO     Get items request
04-09 18:58 Waiter       INFO     Received None
04-09 18:58 Waiter       INFO     Get items request
04-09 18:58 Waiter       INFO     Received None
04-09 18:58 Waiter       INFO     Get items request
04-09 18:58 Waiter       INFO     Received None
04-09 18:58 Waiter       INFO     Get items request
04-09 18:58 Waiter       INFO     Received None
04-09 18:58 Waiter       INFO     Get items request
04-09 18:58 Waiter       INFO     Received None
04-09 18:59 Waiter       INFO     Get items request
04-09 18:59 Waiter       INFO     Received None
04-09 18:59 Waiter       INFO     Get items request
04-09 18:59 Waiter       INFO     Received None
04-09 18:59 Waiter       INFO     Get items request
04-09 18:59 Waiter       INFO     Received None
04-09 18:59 Waiter       INFO     Get items request
04-09 18:59 Waiter       INFO     Received None
04-09 18:59 Waiter       INFO     Get items request
04-09 18:59 Waiter       INFO     Received None
04-09 18:59 Waiter       INFO     Get items request
04-09 18:59 Waiter       INFO     Received None
04-09 18:59 Waiter       INFO     Get items request
04-09 18:59 Waiter       INFO     Received None
04-09 18:59 Waiter       INFO     Get items request
04-09 18:59 Waiter       INFO     Received None
04-09 18:59 Waiter       INFO     Get items request
04-09 18:59 Waiter       INFO     Received None
